{"/home/travis/build/npmtest/node-npmtest-express-admin/test.js":{"path":"/home/travis/build/npmtest/node-npmtest-express-admin/test.js","s":{"1":2,"2":2,"3":2,"4":2,"5":2,"6":2,"7":2,"8":1,"9":2,"10":2,"11":1,"12":1,"13":1,"14":1,"15":2,"16":2,"17":2,"18":2,"19":1,"20":1,"21":2,"22":2,"23":2,"24":1,"25":1,"26":1,"27":1,"28":1,"29":1,"30":1,"31":1,"32":1,"33":1,"34":1,"35":1,"36":1,"37":1,"38":1,"39":2,"40":2,"41":1,"42":2,"43":2,"44":1,"45":2,"46":2,"47":1,"48":2,"49":2,"50":1,"51":1,"52":1,"53":1,"54":1},"b":{"1":[2,1,1,1],"2":[1,1,1,1],"3":[1,1],"4":[1,1],"5":[1,1],"6":[1,1],"7":[1,1],"8":[1,1],"9":[1,1],"10":[1,1,1],"11":[1,1],"12":[1,1],"13":[1,1],"14":[1,1],"15":[1,1],"16":[1,1],"17":[1,1]},"f":{"1":2,"2":2,"3":2,"4":2,"5":2,"6":1,"7":1,"8":1,"9":2,"10":2,"11":2,"12":2,"13":1},"fnMap":{"1":{"name":"(anonymous_1)","line":12,"loc":{"start":{"line":12,"column":1},"end":{"line":12,"column":13}}},"2":{"name":"(anonymous_2)","line":19,"loc":{"start":{"line":19,"column":5},"end":{"line":19,"column":17}}},"3":{"name":"(anonymous_3)","line":23,"loc":{"start":{"line":23,"column":24},"end":{"line":23,"column":36}}},"4":{"name":"(anonymous_4)","line":61,"loc":{"start":{"line":61,"column":5},"end":{"line":61,"column":17}}},"5":{"name":"(anonymous_5)","line":82,"loc":{"start":{"line":82,"column":5},"end":{"line":82,"column":17}}},"6":{"name":"(anonymous_6)","line":91,"loc":{"start":{"line":91,"column":77},"end":{"line":94,"column":10}}},"7":{"name":"(anonymous_7)","line":112,"loc":{"start":{"line":112,"column":83},"end":{"line":115,"column":10}},"skip":true},"8":{"name":"(anonymous_8)","line":123,"loc":{"start":{"line":123,"column":77},"end":{"line":126,"column":10}},"skip":true},"9":{"name":"(anonymous_9)","line":139,"loc":{"start":{"line":139,"column":12},"end":{"line":139,"column":40}},"skip":true},"10":{"name":"(anonymous_10)","line":147,"loc":{"start":{"line":147,"column":77},"end":{"line":150,"column":10}},"skip":true},"11":{"name":"(anonymous_11)","line":158,"loc":{"start":{"line":158,"column":83},"end":{"line":161,"column":10}},"skip":true},"12":{"name":"(anonymous_12)","line":169,"loc":{"start":{"line":169,"column":79},"end":{"line":172,"column":10}},"skip":true},"13":{"name":"(anonymous_13)","line":180,"loc":{"start":{"line":180,"column":75},"end":{"line":183,"column":10}},"skip":true}},"statementMap":{"1":{"start":{"line":12,"column":0},"end":{"line":195,"column":5}},"2":{"start":{"line":14,"column":4},"end":{"line":14,"column":14}},"3":{"start":{"line":19,"column":4},"end":{"line":56,"column":9}},"4":{"start":{"line":21,"column":8},"end":{"line":21,"column":19}},"5":{"start":{"line":23,"column":8},"end":{"line":35,"column":13}},"6":{"start":{"line":24,"column":12},"end":{"line":34,"column":13}},"7":{"start":{"line":25,"column":16},"end":{"line":28,"column":30}},"8":{"start":{"line":30,"column":16},"end":{"line":33,"column":27}},"9":{"start":{"line":37,"column":8},"end":{"line":39,"column":21}},"10":{"start":{"line":40,"column":8},"end":{"line":53,"column":9}},"11":{"start":{"line":43,"column":12},"end":{"line":46,"column":14}},"12":{"start":{"line":47,"column":12},"end":{"line":47,"column":18}},"13":{"start":{"line":50,"column":12},"end":{"line":51,"column":33}},"14":{"start":{"line":52,"column":12},"end":{"line":52,"column":18}},"15":{"start":{"line":55,"column":8},"end":{"line":55,"column":35}},"16":{"start":{"line":61,"column":4},"end":{"line":63,"column":9}},"17":{"start":{"line":62,"column":8},"end":{"line":62,"column":15}},"18":{"start":{"line":64,"column":4},"end":{"line":77,"column":5}},"19":{"start":{"line":70,"column":8},"end":{"line":70,"column":14}},"20":{"start":{"line":76,"column":8},"end":{"line":76,"column":14}},"21":{"start":{"line":82,"column":4},"end":{"line":84,"column":9}},"22":{"start":{"line":83,"column":8},"end":{"line":83,"column":15}},"23":{"start":{"line":85,"column":4},"end":{"line":194,"column":5}},"24":{"start":{"line":91,"column":8},"end":{"line":99,"column":10}},"25":{"start":{"line":98,"column":12},"end":{"line":98,"column":35}},"26":{"start":{"line":102,"column":8},"end":{"line":104,"column":63}},"27":{"start":{"line":105,"column":8},"end":{"line":105,"column":14}},"28":{"start":{"line":112,"column":8},"end":{"line":121,"column":10},"skip":true},"29":{"start":{"line":119,"column":12},"end":{"line":119,"column":55},"skip":true},"30":{"start":{"line":120,"column":12},"end":{"line":120,"column":48},"skip":true},"31":{"start":{"line":123,"column":8},"end":{"line":136,"column":10},"skip":true},"32":{"start":{"line":130,"column":12},"end":{"line":130,"column":76},"skip":true},"33":{"start":{"line":131,"column":12},"end":{"line":131,"column":73},"skip":true},"34":{"start":{"line":132,"column":12},"end":{"line":132,"column":74},"skip":true},"35":{"start":{"line":133,"column":12},"end":{"line":133,"column":79},"skip":true},"36":{"start":{"line":134,"column":12},"end":{"line":134,"column":25},"skip":true},"37":{"start":{"line":135,"column":12},"end":{"line":135,"column":45},"skip":true},"38":{"start":{"line":138,"column":8},"end":{"line":145,"column":14},"skip":true},"39":{"start":{"line":143,"column":16},"end":{"line":143,"column":29},"skip":true},"40":{"start":{"line":144,"column":16},"end":{"line":144,"column":55},"skip":true},"41":{"start":{"line":147,"column":8},"end":{"line":156,"column":10},"skip":true},"42":{"start":{"line":154,"column":12},"end":{"line":154,"column":25},"skip":true},"43":{"start":{"line":155,"column":12},"end":{"line":155,"column":45},"skip":true},"44":{"start":{"line":158,"column":8},"end":{"line":167,"column":10},"skip":true},"45":{"start":{"line":165,"column":12},"end":{"line":165,"column":25},"skip":true},"46":{"start":{"line":166,"column":12},"end":{"line":166,"column":48},"skip":true},"47":{"start":{"line":169,"column":8},"end":{"line":178,"column":10},"skip":true},"48":{"start":{"line":176,"column":12},"end":{"line":176,"column":25},"skip":true},"49":{"start":{"line":177,"column":12},"end":{"line":177,"column":46},"skip":true},"50":{"start":{"line":180,"column":8},"end":{"line":189,"column":10},"skip":true},"51":{"start":{"line":187,"column":12},"end":{"line":187,"column":94},"skip":true},"52":{"start":{"line":188,"column":12},"end":{"line":188,"column":48},"skip":true},"53":{"start":{"line":192,"column":8},"end":{"line":192,"column":35},"skip":true},"54":{"start":{"line":193,"column":8},"end":{"line":193,"column":14},"skip":true}},"branchMap":{"1":{"line":25,"type":"binary-expr","locations":[{"start":{"line":25,"column":23},"end":{"line":25,"column":62}},{"start":{"line":26,"column":20},"end":{"line":26,"column":70}},{"start":{"line":27,"column":20},"end":{"line":27,"column":71}},{"start":{"line":28,"column":20},"end":{"line":28,"column":29}}]},"2":{"line":30,"type":"binary-expr","locations":[{"start":{"line":30,"column":23},"end":{"line":30,"column":37}},{"start":{"line":31,"column":20},"end":{"line":31,"column":61}},{"start":{"line":32,"column":20},"end":{"line":32,"column":70}},{"start":{"line":33,"column":20},"end":{"line":33,"column":26}}]},"3":{"line":37,"type":"cond-expr","locations":[{"start":{"line":38,"column":14},"end":{"line":38,"column":20}},{"start":{"line":39,"column":14},"end":{"line":39,"column":20}}]},"4":{"line":40,"type":"switch","locations":[{"start":{"line":42,"column":8},"end":{"line":47,"column":18}},{"start":{"line":49,"column":8},"end":{"line":52,"column":18}}]},"5":{"line":44,"type":"binary-expr","locations":[{"start":{"line":44,"column":16},"end":{"line":44,"column":44}},{"start":{"line":44,"column":48},"end":{"line":44,"column":66}}]},"6":{"line":50,"type":"binary-expr","locations":[{"start":{"line":50,"column":21},"end":{"line":50,"column":49}},{"start":{"line":50,"column":53},"end":{"line":50,"column":72}}]},"7":{"line":64,"type":"switch","locations":[{"start":{"line":69,"column":4},"end":{"line":70,"column":14}},{"start":{"line":75,"column":4},"end":{"line":76,"column":14}}]},"8":{"line":85,"type":"switch","locations":[{"start":{"line":90,"column":4},"end":{"line":105,"column":14}},{"start":{"line":111,"column":4},"end":{"line":193,"column":14},"skip":true}]},"9":{"line":91,"type":"binary-expr","locations":[{"start":{"line":91,"column":42},"end":{"line":91,"column":73}},{"start":{"line":91,"column":77},"end":{"line":99,"column":9}}]},"10":{"line":102,"type":"binary-expr","locations":[{"start":{"line":102,"column":18},"end":{"line":102,"column":32}},{"start":{"line":103,"column":12},"end":{"line":103,"column":53}},{"start":{"line":104,"column":12},"end":{"line":104,"column":61}}]},"11":{"line":112,"type":"binary-expr","locations":[{"start":{"line":112,"column":45},"end":{"line":112,"column":79},"skip":true},{"start":{"line":112,"column":83},"end":{"line":121,"column":9},"skip":true}]},"12":{"line":123,"type":"binary-expr","locations":[{"start":{"line":123,"column":42},"end":{"line":123,"column":73},"skip":true},{"start":{"line":123,"column":77},"end":{"line":136,"column":9},"skip":true}]},"13":{"line":138,"type":"binary-expr","locations":[{"start":{"line":138,"column":48},"end":{"line":138,"column":85},"skip":true},{"start":{"line":139,"column":12},"end":{"line":145,"column":13},"skip":true}]},"14":{"line":147,"type":"binary-expr","locations":[{"start":{"line":147,"column":42},"end":{"line":147,"column":73},"skip":true},{"start":{"line":147,"column":77},"end":{"line":156,"column":9},"skip":true}]},"15":{"line":158,"type":"binary-expr","locations":[{"start":{"line":158,"column":45},"end":{"line":158,"column":79},"skip":true},{"start":{"line":158,"column":83},"end":{"line":167,"column":9},"skip":true}]},"16":{"line":169,"type":"binary-expr","locations":[{"start":{"line":169,"column":43},"end":{"line":169,"column":75},"skip":true},{"start":{"line":169,"column":79},"end":{"line":178,"column":9},"skip":true}]},"17":{"line":180,"type":"binary-expr","locations":[{"start":{"line":180,"column":41},"end":{"line":180,"column":71},"skip":true},{"start":{"line":180,"column":75},"end":{"line":189,"column":9},"skip":true}]}},"code":["/* istanbul instrument in package npmtest_express_admin */","/*jslint","    bitwise: true,","    browser: true,","    maxerr: 8,","    maxlen: 96,","    node: true,","    nomen: true,","    regexp: true,","    stupid: true","*/","(function () {","    'use strict';","    var local;","","","","    // run shared js-env code - pre-init","    (function () {","        // init local","        local = {};","        // init modeJs","        local.modeJs = (function () {","            try {","                return typeof navigator.userAgent === 'string' &&","                    typeof document.querySelector('body') === 'object' &&","                    typeof XMLHttpRequest.prototype.open === 'function' &&","                    'browser';","            } catch (errorCaughtBrowser) {","                return module.exports &&","                    typeof process.versions.node === 'string' &&","                    typeof require('http').createServer === 'function' &&","                    'node';","            }","        }());","        // init global","        local.global = local.modeJs === 'browser'","            ? window","            : global;","        switch (local.modeJs) {","        // re-init local from window.local","        case 'browser':","            local = local.global.utility2.objectSetDefault(","                local.global.utility2_rollup || local.global.local,","                local.global.utility2","            );","            break;","        // re-init local from example.js","        case 'node':","            local = (local.global.utility2_rollup || require('utility2'))","                .requireReadme();","            break;","        }","        // export local","        local.global.local = local;","    }());","","","","    // run shared js-env code - function","    (function () {","        return;","    }());","    switch (local.modeJs) {","","","","    // run browser js-env code - function","    case 'browser':","        break;","","","","    // run node js-env code - function","    case 'node':","        break;","    }","","","","    // run shared js-env code - post-init","    (function () {","        return;","    }());","    switch (local.modeJs) {","","","","    // run browser js-env code - post-init","    case 'browser':","        local.testCase_browser_nullCase = local.testCase_browser_nullCase || function (","            options,","            onError","        ) {","        /*","         * this function will test browsers's null-case handling-behavior-behavior","         */","            onError(null, options);","        };","","        // run tests","        local.nop(local.modeTest &&","            document.querySelector('#testRunButton1') &&","            document.querySelector('#testRunButton1').click());","        break;","","","","    // run node js-env code - post-init","    /* istanbul ignore next */","    case 'node':","        local.testCase_buildApidoc_default = local.testCase_buildApidoc_default || function (","            options,","            onError","        ) {","        /*","         * this function will test buildApidoc's default handling-behavior-behavior","         */","            options = { modulePathList: module.paths };","            local.buildApidoc(options, onError);","        };","","        local.testCase_buildApp_default = local.testCase_buildApp_default || function (","            options,","            onError","        ) {","        /*","         * this function will test buildApp's default handling-behavior-behavior","         */","            local.testCase_buildReadme_default(options, local.onErrorThrow);","            local.testCase_buildLib_default(options, local.onErrorThrow);","            local.testCase_buildTest_default(options, local.onErrorThrow);","            local.testCase_buildCustomOrg_default(options, local.onErrorThrow);","            options = [];","            local.buildApp(options, onError);","        };","","        local.testCase_buildCustomOrg_default = local.testCase_buildCustomOrg_default ||","            function (options, onError) {","            /*","             * this function will test buildCustomOrg's default handling-behavior","             */","                options = {};","                local.buildCustomOrg(options, onError);","            };","","        local.testCase_buildLib_default = local.testCase_buildLib_default || function (","            options,","            onError","        ) {","        /*","         * this function will test buildLib's default handling-behavior","         */","            options = {};","            local.buildLib(options, onError);","        };","","        local.testCase_buildReadme_default = local.testCase_buildReadme_default || function (","            options,","            onError","        ) {","        /*","         * this function will test buildReadme's default handling-behavior-behavior","         */","            options = {};","            local.buildReadme(options, onError);","        };","","        local.testCase_buildTest_default = local.testCase_buildTest_default || function (","            options,","            onError","        ) {","        /*","         * this function will test buildTest's default handling-behavior","         */","            options = {};","            local.buildTest(options, onError);","        };","","        local.testCase_webpage_default = local.testCase_webpage_default || function (","            options,","            onError","        ) {","        /*","         * this function will test webpage's default handling-behavior","         */","            options = { modeCoverageMerge: true, url: local.serverLocalHost + '?modeTest=1' };","            local.browserTest(options, onError);","        };","","        // run test-server","        local.testRunServer(local);","        break;","    }","}());",""],"l":{"12":2,"14":2,"19":2,"21":2,"23":2,"24":2,"25":2,"30":1,"37":2,"40":2,"43":1,"47":1,"50":1,"52":1,"55":2,"61":2,"62":2,"64":2,"70":1,"76":1,"82":2,"83":2,"85":2,"91":1,"98":1,"102":1,"105":1,"112":1,"119":1,"120":1,"123":1,"130":1,"131":1,"132":1,"133":1,"134":1,"135":1,"138":1,"143":2,"144":2,"147":1,"154":2,"155":2,"158":1,"165":2,"166":2,"169":1,"176":2,"177":2,"180":1,"187":1,"188":1,"192":1,"193":1}},"/home/travis/build/npmtest/node-npmtest-express-admin/lib.npmtest_express_admin.js":{"path":"/home/travis/build/npmtest/node-npmtest-express-admin/lib.npmtest_express_admin.js","s":{"1":2,"2":2,"3":2,"4":2,"5":2,"6":2,"7":2,"8":1,"9":2,"10":2,"11":2,"12":2,"13":1,"14":1,"15":1,"16":1},"b":{"1":[2,1,1,1],"2":[1,1,1,1],"3":[1,1],"4":[2,2],"5":[1,1]},"f":{"1":2,"2":2,"3":2},"fnMap":{"1":{"name":"(anonymous_1)","line":12,"loc":{"start":{"line":12,"column":1},"end":{"line":12,"column":13}}},"2":{"name":"(anonymous_2)","line":19,"loc":{"start":{"line":19,"column":5},"end":{"line":19,"column":17}}},"3":{"name":"(anonymous_3)","line":23,"loc":{"start":{"line":23,"column":24},"end":{"line":23,"column":36}}}},"statementMap":{"1":{"start":{"line":12,"column":0},"end":{"line":53,"column":5}},"2":{"start":{"line":14,"column":4},"end":{"line":14,"column":14}},"3":{"start":{"line":19,"column":4},"end":{"line":52,"column":9}},"4":{"start":{"line":21,"column":8},"end":{"line":21,"column":19}},"5":{"start":{"line":23,"column":8},"end":{"line":35,"column":13}},"6":{"start":{"line":24,"column":12},"end":{"line":34,"column":13}},"7":{"start":{"line":25,"column":16},"end":{"line":28,"column":30}},"8":{"start":{"line":30,"column":16},"end":{"line":33,"column":27}},"9":{"start":{"line":37,"column":8},"end":{"line":39,"column":21}},"10":{"start":{"line":41,"column":8},"end":{"line":41,"column":54}},"11":{"start":{"line":43,"column":8},"end":{"line":43,"column":58}},"12":{"start":{"line":45,"column":8},"end":{"line":51,"column":9}},"13":{"start":{"line":46,"column":12},"end":{"line":46,"column":64}},"14":{"start":{"line":48,"column":12},"end":{"line":48,"column":35}},"15":{"start":{"line":49,"column":12},"end":{"line":49,"column":49}},"16":{"start":{"line":50,"column":12},"end":{"line":50,"column":43}}},"branchMap":{"1":{"line":25,"type":"binary-expr","locations":[{"start":{"line":25,"column":23},"end":{"line":25,"column":62}},{"start":{"line":26,"column":20},"end":{"line":26,"column":70}},{"start":{"line":27,"column":20},"end":{"line":27,"column":71}},{"start":{"line":28,"column":20},"end":{"line":28,"column":29}}]},"2":{"line":30,"type":"binary-expr","locations":[{"start":{"line":30,"column":23},"end":{"line":30,"column":37}},{"start":{"line":31,"column":20},"end":{"line":31,"column":61}},{"start":{"line":32,"column":20},"end":{"line":32,"column":70}},{"start":{"line":33,"column":20},"end":{"line":33,"column":26}}]},"3":{"line":37,"type":"cond-expr","locations":[{"start":{"line":38,"column":14},"end":{"line":38,"column":20}},{"start":{"line":39,"column":14},"end":{"line":39,"column":20}}]},"4":{"line":41,"type":"binary-expr","locations":[{"start":{"line":41,"column":16},"end":{"line":41,"column":44}},{"start":{"line":41,"column":48},"end":{"line":41,"column":53}}]},"5":{"line":45,"type":"if","locations":[{"start":{"line":45,"column":8},"end":{"line":45,"column":8}},{"start":{"line":45,"column":8},"end":{"line":45,"column":8}}]}},"code":["/* istanbul instrument in package npmtest_express_admin */","/*jslint","    bitwise: true,","    browser: true,","    maxerr: 8,","    maxlen: 96,","    node: true,","    nomen: true,","    regexp: true,","    stupid: true","*/","(function () {","    'use strict';","    var local;","","","","    // run shared js-env code - pre-init","    (function () {","        // init local","        local = {};","        // init modeJs","        local.modeJs = (function () {","            try {","                return typeof navigator.userAgent === 'string' &&","                    typeof document.querySelector('body') === 'object' &&","                    typeof XMLHttpRequest.prototype.open === 'function' &&","                    'browser';","            } catch (errorCaughtBrowser) {","                return module.exports &&","                    typeof process.versions.node === 'string' &&","                    typeof require('http').createServer === 'function' &&","                    'node';","            }","        }());","        // init global","        local.global = local.modeJs === 'browser'","            ? window","            : global;","        // init utility2_rollup","        local = local.global.utility2_rollup || local;","        // init lib","        local.local = local.npmtest_express_admin = local;","        // init exports","        if (local.modeJs === 'browser') {","            local.global.utility2_npmtest_express_admin = local;","        } else {","            module.exports = local;","            module.exports.__dirname = __dirname;","            module.exports.module = module;","        }","    }());","}());",""],"l":{"12":2,"14":2,"19":2,"21":2,"23":2,"24":2,"25":2,"30":1,"37":2,"41":2,"43":2,"45":2,"46":1,"48":1,"49":1,"50":1}},"/home/travis/build/npmtest/node-npmtest-express-admin/example.js":{"path":"/home/travis/build/npmtest/node-npmtest-express-admin/example.js","s":{"1":2,"2":2,"3":2,"4":2,"5":2,"6":2,"7":2,"8":1,"9":2,"10":2,"11":2,"12":2,"13":1,"14":2,"15":2,"16":2,"17":2,"18":2,"19":0,"20":2,"21":1,"22":1,"23":1,"24":1,"25":1,"26":0,"27":0,"28":1,"29":1,"30":2,"31":0,"32":0,"33":0,"34":1,"35":2,"36":2,"37":3,"38":3,"39":3,"40":3,"41":0,"42":3,"43":3,"44":3,"45":1,"46":3,"47":1,"48":1,"49":1,"50":1,"51":1,"52":1,"53":1,"54":1,"55":1,"56":1,"57":0,"58":1,"59":6,"60":6,"61":1,"62":2,"63":0,"64":2,"65":1,"66":1,"67":0,"68":0,"69":0,"70":0,"71":0,"72":0,"73":0,"74":0,"75":0,"76":0,"77":0,"78":0,"79":0,"80":0,"81":0,"82":0,"83":0},"b":{"1":[2,1,1,1],"2":[1,1,1,1],"3":[1,1],"4":[2,2],"5":[1,1],"6":[1,1],"7":[2,0],"8":[2,1,1,1,1,1],"9":[0,2,0],"10":[1,1],"11":[2,1,1],"12":[1,0],"13":[0,2],"14":[2,0,0,0,0,0,0],"15":[0,3],"16":[3,0],"17":[1,1],"18":[0,1],"19":[1,2,0,2],"20":[1,0],"21":[1,1],"22":[0,0],"23":[0,0],"24":[0,0],"25":[0,0],"26":[0,0],"27":[0,0],"28":[0,0]},"f":{"1":2,"2":2,"3":2,"4":2,"5":2,"6":2,"7":3,"8":3,"9":3,"10":1,"11":6,"12":0},"fnMap":{"1":{"name":"(anonymous_1)","line":26,"loc":{"start":{"line":26,"column":1},"end":{"line":26,"column":13}}},"2":{"name":"(anonymous_2)","line":33,"loc":{"start":{"line":33,"column":5},"end":{"line":33,"column":17}}},"3":{"name":"(anonymous_3)","line":37,"loc":{"start":{"line":37,"column":24},"end":{"line":37,"column":36}}},"4":{"name":"(anonymous_4)","line":69,"loc":{"start":{"line":69,"column":31},"end":{"line":69,"column":48}},"skip":true},"5":{"name":"(anonymous_5)","line":78,"loc":{"start":{"line":78,"column":26},"end":{"line":78,"column":45}},"skip":true},"6":{"name":"(anonymous_6)","line":123,"loc":{"start":{"line":123,"column":33},"end":{"line":123,"column":48}},"skip":true},"7":{"name":"(anonymous_7)","line":125,"loc":{"start":{"line":125,"column":27},"end":{"line":125,"column":39}},"skip":true},"8":{"name":"(anonymous_8)","line":133,"loc":{"start":{"line":133,"column":59},"end":{"line":133,"column":74}},"skip":true},"9":{"name":"(anonymous_9)","line":143,"loc":{"start":{"line":143,"column":45},"end":{"line":143,"column":62}},"skip":true},"10":{"name":"(anonymous_10)","line":144,"loc":{"start":{"line":144,"column":73},"end":{"line":144,"column":92}},"skip":true},"11":{"name":"(anonymous_11)","line":272,"loc":{"start":{"line":272,"column":51},"end":{"line":272,"column":77}},"skip":true},"12":{"name":"(anonymous_12)","line":315,"loc":{"start":{"line":315,"column":32},"end":{"line":315,"column":61}},"skip":true}},"statementMap":{"1":{"start":{"line":26,"column":0},"end":{"line":326,"column":5}},"2":{"start":{"line":28,"column":4},"end":{"line":28,"column":14}},"3":{"start":{"line":33,"column":4},"end":{"line":60,"column":9}},"4":{"start":{"line":35,"column":8},"end":{"line":35,"column":19}},"5":{"start":{"line":37,"column":8},"end":{"line":49,"column":13}},"6":{"start":{"line":38,"column":12},"end":{"line":48,"column":13}},"7":{"start":{"line":39,"column":16},"end":{"line":42,"column":30}},"8":{"start":{"line":44,"column":16},"end":{"line":47,"column":27}},"9":{"start":{"line":51,"column":8},"end":{"line":53,"column":21}},"10":{"start":{"line":55,"column":8},"end":{"line":57,"column":45}},"11":{"start":{"line":59,"column":8},"end":{"line":59,"column":35}},"12":{"start":{"line":61,"column":4},"end":{"line":325,"column":5}},"13":{"start":{"line":69,"column":8},"end":{"line":121,"column":10},"skip":true},"14":{"start":{"line":70,"column":12},"end":{"line":88,"column":13},"skip":true},"15":{"start":{"line":76,"column":16},"end":{"line":87,"column":19},"skip":true},"16":{"start":{"line":79,"column":20},"end":{"line":86,"column":21},"skip":true},"17":{"start":{"line":82,"column":24},"end":{"line":82,"column":43},"skip":true},"18":{"start":{"line":83,"column":24},"end":{"line":83,"column":30},"skip":true},"19":{"start":{"line":85,"column":24},"end":{"line":85,"column":49},"skip":true},"20":{"start":{"line":89,"column":12},"end":{"line":107,"column":13},"skip":true},"21":{"start":{"line":92,"column":16},"end":{"line":102,"column":17},"skip":true},"22":{"start":{"line":93,"column":20},"end":{"line":93,"column":86},"skip":true},"23":{"start":{"line":94,"column":20},"end":{"line":95,"column":45},"skip":true},"24":{"start":{"line":96,"column":20},"end":{"line":96,"column":42},"skip":true},"25":{"start":{"line":97,"column":20},"end":{"line":97,"column":48},"skip":true},"26":{"start":{"line":100,"column":20},"end":{"line":100,"column":85},"skip":true},"27":{"start":{"line":101,"column":20},"end":{"line":101,"column":96},"skip":true},"28":{"start":{"line":103,"column":16},"end":{"line":103,"column":22},"skip":true},"29":{"start":{"line":106,"column":16},"end":{"line":106,"column":22},"skip":true},"30":{"start":{"line":108,"column":12},"end":{"line":120,"column":13},"skip":true},"31":{"start":{"line":114,"column":16},"end":{"line":119,"column":17},"skip":true},"32":{"start":{"line":116,"column":20},"end":{"line":116,"column":78},"skip":true},"33":{"start":{"line":118,"column":20},"end":{"line":118,"column":47},"skip":true},"34":{"start":{"line":123,"column":8},"end":{"line":141,"column":11},"skip":true},"35":{"start":{"line":124,"column":12},"end":{"line":124,"column":54},"skip":true},"36":{"start":{"line":125,"column":12},"end":{"line":140,"column":14},"skip":true},"37":{"start":{"line":126,"column":16},"end":{"line":126,"column":28},"skip":true},"38":{"start":{"line":127,"column":16},"end":{"line":127,"column":69},"skip":true},"39":{"start":{"line":128,"column":16},"end":{"line":128,"column":75},"skip":true},"40":{"start":{"line":129,"column":16},"end":{"line":131,"column":17},"skip":true},"41":{"start":{"line":130,"column":20},"end":{"line":130,"column":27},"skip":true},"42":{"start":{"line":133,"column":16},"end":{"line":137,"column":36},"skip":true},"43":{"start":{"line":134,"column":20},"end":{"line":136,"column":55},"skip":true},"44":{"start":{"line":139,"column":16},"end":{"line":139,"column":57},"skip":true},"45":{"start":{"line":143,"column":8},"end":{"line":147,"column":11},"skip":true},"46":{"start":{"line":144,"column":12},"end":{"line":146,"column":15},"skip":true},"47":{"start":{"line":145,"column":16},"end":{"line":145,"column":70},"skip":true},"48":{"start":{"line":149,"column":8},"end":{"line":149,"column":31},"skip":true},"49":{"start":{"line":150,"column":8},"end":{"line":150,"column":14},"skip":true},"50":{"start":{"line":158,"column":8},"end":{"line":158,"column":31},"skip":true},"51":{"start":{"line":160,"column":8},"end":{"line":160,"column":33},"skip":true},"52":{"start":{"line":161,"column":8},"end":{"line":161,"column":37},"skip":true},"53":{"start":{"line":162,"column":8},"end":{"line":162,"column":35},"skip":true},"54":{"start":{"line":164,"column":8},"end":{"line":164,"column":50},"skip":true},"55":{"start":{"line":166,"column":8},"end":{"line":256,"column":2},"skip":true},"56":{"start":{"line":258,"column":8},"end":{"line":286,"column":9},"skip":true},"57":{"start":{"line":259,"column":12},"end":{"line":269,"column":14},"skip":true},"58":{"start":{"line":271,"column":12},"end":{"line":285,"column":19},"skip":true},"59":{"start":{"line":274,"column":20},"end":{"line":274,"column":35},"skip":true},"60":{"start":{"line":275,"column":20},"end":{"line":284,"column":21},"skip":true},"61":{"start":{"line":277,"column":24},"end":{"line":277,"column":64},"skip":true},"62":{"start":{"line":279,"column":24},"end":{"line":279,"column":40},"skip":true},"63":{"start":{"line":281,"column":24},"end":{"line":281,"column":40},"skip":true},"64":{"start":{"line":283,"column":24},"end":{"line":283,"column":39},"skip":true},"65":{"start":{"line":288,"column":8},"end":{"line":290,"column":9},"skip":true},"66":{"start":{"line":289,"column":12},"end":{"line":289,"column":18},"skip":true},"67":{"start":{"line":291,"column":8},"end":{"line":293,"column":54},"skip":true},"68":{"start":{"line":296,"column":8},"end":{"line":301,"column":37},"skip":true},"69":{"start":{"line":303,"column":8},"end":{"line":303,"column":82},"skip":true},"70":{"start":{"line":306,"column":8},"end":{"line":308,"column":9},"skip":true},"71":{"start":{"line":307,"column":12},"end":{"line":307,"column":82},"skip":true},"72":{"start":{"line":310,"column":8},"end":{"line":312,"column":9},"skip":true},"73":{"start":{"line":311,"column":12},"end":{"line":311,"column":18},"skip":true},"74":{"start":{"line":313,"column":8},"end":{"line":313,"column":54},"skip":true},"75":{"start":{"line":314,"column":8},"end":{"line":314,"column":69},"skip":true},"76":{"start":{"line":315,"column":8},"end":{"line":323,"column":36},"skip":true},"77":{"start":{"line":316,"column":12},"end":{"line":316,"column":61},"skip":true},"78":{"start":{"line":317,"column":12},"end":{"line":320,"column":13},"skip":true},"79":{"start":{"line":318,"column":16},"end":{"line":318,"column":75},"skip":true},"80":{"start":{"line":319,"column":16},"end":{"line":319,"column":23},"skip":true},"81":{"start":{"line":321,"column":12},"end":{"line":321,"column":38},"skip":true},"82":{"start":{"line":322,"column":12},"end":{"line":322,"column":27},"skip":true},"83":{"start":{"line":324,"column":8},"end":{"line":324,"column":14},"skip":true}},"branchMap":{"1":{"line":39,"type":"binary-expr","locations":[{"start":{"line":39,"column":23},"end":{"line":39,"column":62}},{"start":{"line":40,"column":20},"end":{"line":40,"column":70}},{"start":{"line":41,"column":20},"end":{"line":41,"column":71}},{"start":{"line":42,"column":20},"end":{"line":42,"column":29}}]},"2":{"line":44,"type":"binary-expr","locations":[{"start":{"line":44,"column":23},"end":{"line":44,"column":37}},{"start":{"line":45,"column":20},"end":{"line":45,"column":61}},{"start":{"line":46,"column":20},"end":{"line":46,"column":70}},{"start":{"line":47,"column":20},"end":{"line":47,"column":26}}]},"3":{"line":51,"type":"cond-expr","locations":[{"start":{"line":52,"column":14},"end":{"line":52,"column":20}},{"start":{"line":53,"column":14},"end":{"line":53,"column":20}}]},"4":{"line":55,"type":"binary-expr","locations":[{"start":{"line":55,"column":16},"end":{"line":55,"column":44}},{"start":{"line":55,"column":49},"end":{"line":57,"column":43}}]},"5":{"line":55,"type":"cond-expr","locations":[{"start":{"line":56,"column":14},"end":{"line":56,"column":57}},{"start":{"line":57,"column":14},"end":{"line":57,"column":43}}]},"6":{"line":61,"type":"switch","locations":[{"start":{"line":68,"column":4},"end":{"line":150,"column":14},"skip":true},{"start":{"line":156,"column":4},"end":{"line":324,"column":14},"skip":true}]},"7":{"line":70,"type":"if","locations":[{"start":{"line":70,"column":12},"end":{"line":70,"column":12},"skip":true},{"start":{"line":70,"column":12},"end":{"line":70,"column":12},"skip":true}]},"8":{"line":70,"type":"binary-expr","locations":[{"start":{"line":70,"column":16},"end":{"line":70,"column":22},"skip":true},{"start":{"line":70,"column":27},"end":{"line":70,"column":32},"skip":true},{"start":{"line":71,"column":20},"end":{"line":71,"column":39},"skip":true},{"start":{"line":72,"column":20},"end":{"line":72,"column":49},"skip":true},{"start":{"line":73,"column":20},"end":{"line":73,"column":58},"skip":true},{"start":{"line":74,"column":20},"end":{"line":74,"column":69},"skip":true}]},"9":{"line":79,"type":"switch","locations":[{"start":{"line":80,"column":20},"end":{"line":80,"column":33},"skip":true},{"start":{"line":81,"column":20},"end":{"line":83,"column":30},"skip":true},{"start":{"line":84,"column":20},"end":{"line":85,"column":49},"skip":true}]},"10":{"line":89,"type":"switch","locations":[{"start":{"line":90,"column":12},"end":{"line":103,"column":22},"skip":true},{"start":{"line":105,"column":12},"end":{"line":106,"column":22},"skip":true}]},"11":{"line":89,"type":"binary-expr","locations":[{"start":{"line":89,"column":20},"end":{"line":89,"column":25},"skip":true},{"start":{"line":89,"column":29},"end":{"line":89,"column":48},"skip":true},{"start":{"line":89,"column":52},"end":{"line":89,"column":74},"skip":true}]},"12":{"line":92,"type":"if","locations":[{"start":{"line":92,"column":16},"end":{"line":92,"column":16},"skip":true},{"start":{"line":92,"column":16},"end":{"line":92,"column":16},"skip":true}]},"13":{"line":108,"type":"if","locations":[{"start":{"line":108,"column":12},"end":{"line":108,"column":12},"skip":true},{"start":{"line":108,"column":12},"end":{"line":108,"column":12},"skip":true}]},"14":{"line":108,"type":"binary-expr","locations":[{"start":{"line":108,"column":16},"end":{"line":108,"column":61},"skip":true},{"start":{"line":108,"column":66},"end":{"line":108,"column":72},"skip":true},{"start":{"line":108,"column":77},"end":{"line":108,"column":82},"skip":true},{"start":{"line":109,"column":20},"end":{"line":109,"column":39},"skip":true},{"start":{"line":110,"column":20},"end":{"line":110,"column":49},"skip":true},{"start":{"line":111,"column":20},"end":{"line":111,"column":58},"skip":true},{"start":{"line":112,"column":20},"end":{"line":112,"column":68},"skip":true}]},"15":{"line":129,"type":"if","locations":[{"start":{"line":129,"column":16},"end":{"line":129,"column":16},"skip":true},{"start":{"line":129,"column":16},"end":{"line":129,"column":16},"skip":true}]},"16":{"line":134,"type":"cond-expr","locations":[{"start":{"line":135,"column":26},"end":{"line":135,"column":29},"skip":true},{"start":{"line":136,"column":26},"end":{"line":136,"column":54},"skip":true}]},"17":{"line":164,"type":"binary-expr","locations":[{"start":{"line":164,"column":27},"end":{"line":164,"column":43},"skip":true},{"start":{"line":164,"column":47},"end":{"line":164,"column":49},"skip":true}]},"18":{"line":258,"type":"if","locations":[{"start":{"line":258,"column":8},"end":{"line":258,"column":8},"skip":true},{"start":{"line":258,"column":8},"end":{"line":258,"column":8},"skip":true}]},"19":{"line":275,"type":"switch","locations":[{"start":{"line":276,"column":20},"end":{"line":277,"column":64},"skip":true},{"start":{"line":278,"column":20},"end":{"line":279,"column":40},"skip":true},{"start":{"line":280,"column":20},"end":{"line":281,"column":40},"skip":true},{"start":{"line":282,"column":20},"end":{"line":283,"column":39},"skip":true}]},"20":{"line":288,"type":"if","locations":[{"start":{"line":288,"column":8},"end":{"line":288,"column":8},"skip":true},{"start":{"line":288,"column":8},"end":{"line":288,"column":8},"skip":true}]},"21":{"line":288,"type":"binary-expr","locations":[{"start":{"line":288,"column":12},"end":{"line":288,"column":40},"skip":true},{"start":{"line":288,"column":44},"end":{"line":288,"column":67},"skip":true}]},"22":{"line":292,"type":"binary-expr","locations":[{"start":{"line":292,"column":12},"end":{"line":292,"column":50},"skip":true},{"start":{"line":293,"column":12},"end":{"line":293,"column":53},"skip":true}]},"23":{"line":297,"type":"binary-expr","locations":[{"start":{"line":297,"column":12},"end":{"line":297,"column":71},"skip":true},{"start":{"line":298,"column":12},"end":{"line":301,"column":36},"skip":true}]},"24":{"line":303,"type":"binary-expr","locations":[{"start":{"line":303,"column":43},"end":{"line":303,"column":75},"skip":true},{"start":{"line":303,"column":79},"end":{"line":303,"column":81},"skip":true}]},"25":{"line":306,"type":"if","locations":[{"start":{"line":306,"column":8},"end":{"line":306,"column":8},"skip":true},{"start":{"line":306,"column":8},"end":{"line":306,"column":8},"skip":true}]},"26":{"line":310,"type":"if","locations":[{"start":{"line":310,"column":8},"end":{"line":310,"column":8},"skip":true},{"start":{"line":310,"column":8},"end":{"line":310,"column":8},"skip":true}]},"27":{"line":313,"type":"binary-expr","locations":[{"start":{"line":313,"column":27},"end":{"line":313,"column":43},"skip":true},{"start":{"line":313,"column":47},"end":{"line":313,"column":53},"skip":true}]},"28":{"line":317,"type":"if","locations":[{"start":{"line":317,"column":12},"end":{"line":317,"column":12},"skip":true},{"start":{"line":317,"column":12},"end":{"line":317,"column":12},"skip":true}]}},"code":["/*","example.js","","quickstart example","","instruction","    1. save this script as example.js","    2. run the shell command:","        $ npm install npmtest-express-admin && PORT=8081 node example.js","    3. play with the browser-demo on http://127.0.0.1:8081","*/","","","","/* istanbul instrument in package npmtest_express_admin */","/*jslint","    bitwise: true,","    browser: true,","    maxerr: 8,","    maxlen: 96,","    node: true,","    nomen: true,","    regexp: true,","    stupid: true","*/","(function () {","    'use strict';","    var local;","","","","    // run shared js-env code - pre-init","    (function () {","        // init local","        local = {};","        // init modeJs","        local.modeJs = (function () {","            try {","                return typeof navigator.userAgent === 'string' &&","                    typeof document.querySelector('body') === 'object' &&","                    typeof XMLHttpRequest.prototype.open === 'function' &&","                    'browser';","            } catch (errorCaughtBrowser) {","                return module.exports &&","                    typeof process.versions.node === 'string' &&","                    typeof require('http').createServer === 'function' &&","                    'node';","            }","        }());","        // init global","        local.global = local.modeJs === 'browser'","            ? window","            : global;","        // init utility2_rollup","        local = local.global.utility2_rollup || (local.modeJs === 'browser'","            ? local.global.utility2_npmtest_express_admin","            : global.utility2_moduleExports);","        // export local","        local.global.local = local;","    }());","    switch (local.modeJs) {","","","","    // post-init","    // run browser js-env code - post-init","    /* istanbul ignore next */","    case 'browser':","        local.testRunBrowser = function (event) {","            if (!event || (event &&","                    event.currentTarget &&","                    event.currentTarget.className &&","                    event.currentTarget.className.includes &&","                    event.currentTarget.className.includes('onreset'))) {","                // reset output","                Array.from(","                    document.querySelectorAll('body > .resettable')","                ).forEach(function (element) {","                    switch (element.tagName) {","                    case 'INPUT':","                    case 'TEXTAREA':","                        element.value = '';","                        break;","                    default:","                        element.textContent = '';","                    }","                });","            }","            switch (event && event.currentTarget && event.currentTarget.id) {","            case 'testRunButton1':","                // show tests","                if (document.querySelector('#testReportDiv1').style.display === 'none') {","                    document.querySelector('#testReportDiv1').style.display = 'block';","                    document.querySelector('#testRunButton1').textContent =","                        'hide internal test';","                    local.modeTest = true;","                    local.testRunDefault(local);","                // hide tests","                } else {","                    document.querySelector('#testReportDiv1').style.display = 'none';","                    document.querySelector('#testRunButton1').textContent = 'run internal test';","                }","                break;","            // custom-case","            default:","                break;","            }","            if (document.querySelector('#inputTextareaEval1') && (!event || (event &&","                    event.currentTarget &&","                    event.currentTarget.className &&","                    event.currentTarget.className.includes &&","                    event.currentTarget.className.includes('oneval')))) {","                // try to eval input-code","                try {","                    /*jslint evil: true*/","                    eval(document.querySelector('#inputTextareaEval1').value);","                } catch (errorCaught) {","                    console.error(errorCaught);","                }","            }","        };","        // log stderr and stdout to #outputTextareaStdout1","        ['error', 'log'].forEach(function (key) {","            console[key + '_original'] = console[key];","            console[key] = function () {","                var element;","                console[key + '_original'].apply(console, arguments);","                element = document.querySelector('#outputTextareaStdout1');","                if (!element) {","                    return;","                }","                // append text to #outputTextareaStdout1","                element.value += Array.from(arguments).map(function (arg) {","                    return typeof arg === 'string'","                        ? arg","                        : JSON.stringify(arg, null, 4);","                }).join(' ') + '\\n';","                // scroll textarea to bottom","                element.scrollTop = element.scrollHeight;","            };","        });","        // init event-handling","        ['change', 'click', 'keyup'].forEach(function (event) {","            Array.from(document.querySelectorAll('.on' + event)).forEach(function (element) {","                element.addEventListener(event, local.testRunBrowser);","            });","        });","        // run tests","        local.testRunBrowser();","        break;","","","","    // run node js-env code - post-init","    /* istanbul ignore next */","    case 'node':","        // export local","        module.exports = local;","        // require modules","        local.fs = require('fs');","        local.http = require('http');","        local.url = require('url');","        // init assets","        local.assetsDict = local.assetsDict || {};","        /* jslint-ignore-begin */","        local.assetsDict['/assets.index.template.html'] = '\\","<!doctype html>\\n\\","<html lang=\"en\">\\n\\","<head>\\n\\","<meta charset=\"UTF-8\">\\n\\","<meta name=\"viewport\" content=\"width=device-width, initial-scale=1\">\\n\\","<title>{{env.npm_package_name}} (v{{env.npm_package_version}})</title>\\n\\","<style>\\n\\","/*csslint\\n\\","    box-sizing: false,\\n\\","    universal-selector: false\\n\\","*/\\n\\","* {\\n\\","    box-sizing: border-box;\\n\\","}\\n\\","body {\\n\\","    background: #dde;\\n\\","    font-family: Arial, Helvetica, sans-serif;\\n\\","    margin: 2rem;\\n\\","}\\n\\","body > * {\\n\\","    margin-bottom: 1rem;\\n\\","}\\n\\",".utility2FooterDiv {\\n\\","    margin-top: 20px;\\n\\","    text-align: center;\\n\\","}\\n\\","</style>\\n\\","<style>\\n\\","/*csslint\\n\\","*/\\n\\","textarea {\\n\\","    font-family: monospace;\\n\\","    height: 10rem;\\n\\","    width: 100%;\\n\\","}\\n\\","textarea[readonly] {\\n\\","    background: #ddd;\\n\\","}\\n\\","</style>\\n\\","</head>\\n\\","<body>\\n\\","<!-- utility2-comment\\n\\","<div id=\"ajaxProgressDiv1\" style=\"background: #d00; height: 2px; left: 0; margin: 0; padding: 0; position: fixed; top: 0; transition: background 0.5s, width 1.5s; width: 25%;\"></div>\\n\\","utility2-comment -->\\n\\","<h1>\\n\\","<!-- utility2-comment\\n\\","    <a\\n\\","        {{#if env.npm_package_homepage}}\\n\\","        href=\"{{env.npm_package_homepage}}\"\\n\\","        {{/if env.npm_package_homepage}}\\n\\","        target=\"_blank\"\\n\\","    >\\n\\","utility2-comment -->\\n\\","        {{env.npm_package_name}} (v{{env.npm_package_version}})\\n\\","<!-- utility2-comment\\n\\","    </a>\\n\\","utility2-comment -->\\n\\","</h1>\\n\\","<h3>{{env.npm_package_description}}</h3>\\n\\","<!-- utility2-comment\\n\\","<h4><a download href=\"assets.app.js\">download standalone app</a></h4>\\n\\","<button class=\"onclick onreset\" id=\"testRunButton1\">run internal test</button><br>\\n\\","<div id=\"testReportDiv1\" style=\"display: none;\"></div>\\n\\","utility2-comment -->\\n\\","\\n\\","\\n\\","\\n\\","<label>stderr and stdout</label>\\n\\","<textarea class=\"resettable\" id=\"outputTextareaStdout1\" readonly></textarea>\\n\\","<!-- utility2-comment\\n\\","{{#if isRollup}}\\n\\","<script src=\"assets.app.js\"></script>\\n\\","{{#unless isRollup}}\\n\\","utility2-comment -->\\n\\","<script src=\"assets.utility2.rollup.js\"></script>\\n\\","<script src=\"jsonp.utility2._stateInit?callback=window.utility2._stateInit\"></script>\\n\\","<script src=\"assets.npmtest_express_admin.rollup.js\"></script>\\n\\","<script src=\"assets.example.js\"></script>\\n\\","<script src=\"assets.test.js\"></script>\\n\\","<!-- utility2-comment\\n\\","{{/if isRollup}}\\n\\","utility2-comment -->\\n\\","<div class=\"utility2FooterDiv\">\\n\\","    [ this app was created with\\n\\","    <a href=\"https://github.com/kaizhu256/node-utility2\" target=\"_blank\">utility2</a>\\n\\","    ]\\n\\","</div>\\n\\","</body>\\n\\","</html>\\n\\","';","        /* jslint-ignore-end */","        if (local.templateRender) {","            local.assetsDict['/'] = local.templateRender(","                local.assetsDict['/assets.index.template.html'],","                {","                    env: local.objectSetDefault(local.env, {","                        npm_package_description: 'the greatest app in the world!',","                        npm_package_name: 'my-app',","                        npm_package_nameAlias: 'my_app',","                        npm_package_version: '0.0.1'","                    })","                }","            );","        } else {","            local.assetsDict['/'] = local.assetsDict['/assets.index.template.html']","                .replace((/\\{\\{env\\.(\\w+?)\\}\\}/g), function (match0, match1) {","                    // jslint-hack","                    String(match0);","                    switch (match1) {","                    case 'npm_package_description':","                        return 'the greatest app in the world!';","                    case 'npm_package_name':","                        return 'my-app';","                    case 'npm_package_nameAlias':","                        return 'my_app';","                    case 'npm_package_version':","                        return '0.0.1';","                    }","                });","        }","        // run the cli","        if (local.global.utility2_rollup || module !== require.main) {","            break;","        }","        local.assetsDict['/assets.example.js'] =","            local.assetsDict['/assets.example.js'] ||","            local.fs.readFileSync(__filename, 'utf8');","        // bug-workaround - long $npm_package_buildCustomOrg","        /* jslint-ignore-begin */","        local.assetsDict['/assets.npmtest_express_admin.rollup.js'] =","            local.assetsDict['/assets.npmtest_express_admin.rollup.js'] ||","            local.fs.readFileSync(","                local.npmtest_express_admin.__dirname + '/lib.npmtest_express_admin.js',","                'utf8'","            ).replace((/^#!/), '//');","        /* jslint-ignore-end */","        local.assetsDict['/favicon.ico'] = local.assetsDict['/favicon.ico'] || '';","        // if $npm_config_timeout_exit exists,","        // then exit this process after $npm_config_timeout_exit ms","        if (Number(process.env.npm_config_timeout_exit)) {","            setTimeout(process.exit, Number(process.env.npm_config_timeout_exit));","        }","        // start server","        if (local.global.utility2_serverHttp1) {","            break;","        }","        process.env.PORT = process.env.PORT || '8081';","        console.error('server starting on port ' + process.env.PORT);","        local.http.createServer(function (request, response) {","            request.urlParsed = local.url.parse(request.url);","            if (local.assetsDict[request.urlParsed.pathname] !== undefined) {","                response.end(local.assetsDict[request.urlParsed.pathname]);","                return;","            }","            response.statusCode = 404;","            response.end();","        }).listen(process.env.PORT);","        break;","    }","}());",""],"l":{"26":2,"28":2,"33":2,"35":2,"37":2,"38":2,"39":2,"44":1,"51":2,"55":2,"59":2,"61":2,"69":1,"70":2,"76":2,"79":2,"82":2,"83":2,"85":1,"89":2,"92":1,"93":1,"94":1,"96":1,"97":1,"100":1,"101":1,"103":1,"106":1,"108":2,"114":1,"116":1,"118":1,"123":1,"124":2,"125":2,"126":3,"127":3,"128":3,"129":3,"130":1,"133":3,"134":3,"139":3,"143":1,"144":3,"145":1,"149":1,"150":1,"158":1,"160":1,"161":1,"162":1,"164":1,"166":1,"258":1,"259":1,"271":1,"274":6,"275":6,"277":1,"279":2,"281":1,"283":2,"288":1,"289":1,"291":1,"296":1,"303":1,"306":1,"307":1,"310":1,"311":1,"313":1,"314":1,"315":1,"316":1,"317":1,"318":1,"319":1,"321":1,"322":1,"324":1}},"/home/travis/build/npmtest/node-npmtest-express-admin/node_modules/express-admin/app.js":{"path":"/home/travis/build/npmtest/node-npmtest-express-admin/node_modules/express-admin/app.js","s":{"1":1,"2":1,"3":1,"4":1,"5":1,"6":1,"7":1,"8":1,"9":0,"10":0,"11":0,"12":0,"13":0,"14":0,"15":0,"16":0,"17":0,"18":1,"19":0,"20":0,"21":0,"22":0,"23":0,"24":0,"25":0,"26":0,"27":0,"28":0,"29":0,"30":0,"31":0,"32":0,"33":0,"34":0,"35":0,"36":0,"37":0,"38":0,"39":0,"40":0,"41":0,"42":0,"43":0,"44":0,"45":0,"46":0,"47":0,"48":0,"49":1,"50":0,"51":0,"52":0,"53":0,"54":0,"55":0,"56":0,"57":0,"58":0,"59":0,"60":0,"61":0,"62":0,"63":0,"64":0,"65":0,"66":0,"67":0,"68":0,"69":0,"70":0,"71":0,"72":0,"73":0,"74":0,"75":0,"76":0,"77":0,"78":0,"79":0,"80":0,"81":0,"82":0,"83":0,"84":0,"85":0,"86":0,"87":0,"88":0,"89":0,"90":0,"91":0,"92":0,"93":0,"94":0,"95":0,"96":0,"97":0,"98":0,"99":0,"100":0,"101":0,"102":0,"103":0,"104":0,"105":0,"106":0,"107":0,"108":1,"109":0,"110":0,"111":0,"112":0,"113":0,"114":0,"115":0,"116":0,"117":0,"118":0,"119":0,"120":0,"121":0,"122":0,"123":0,"124":0,"125":0,"126":0,"127":0,"128":0,"129":0,"130":0,"131":0,"132":0,"133":0,"134":0,"135":0,"136":0,"137":0,"138":0,"139":0,"140":0,"141":0,"142":0,"143":0,"144":0,"145":0,"146":0,"147":0,"148":0,"149":0,"150":0,"151":0,"152":0,"153":0,"154":0,"155":0,"156":1,"157":0,"158":0,"159":0,"160":0,"161":0,"162":0,"163":0,"164":0,"165":0,"166":0,"167":0,"168":0,"169":0,"170":0,"171":0,"172":1,"173":0,"174":0,"175":0,"176":0,"177":0},"b":{"1":[0,0],"2":[0,0],"3":[0,0],"4":[0,0,0],"5":[0,0],"6":[0,0],"7":[0,0],"8":[0,0],"9":[0,0],"10":[0,0],"11":[0,0],"12":[0,0],"13":[0,0],"14":[0,0],"15":[0,0],"16":[0,0],"17":[0,0],"18":[0,0],"19":[0,0],"20":[0,0],"21":[0,0],"22":[0,0],"23":[0,0],"24":[0,0],"25":[0,0],"26":[0,0],"27":[0,0],"28":[0,0],"29":[0,0],"30":[0,0],"31":[0,0],"32":[0,0],"33":[0,0],"34":[0,0],"35":[0,0],"36":[0,0],"37":[0,0,0,0],"38":[0,0],"39":[0,0],"40":[0,0],"41":[0,0,0],"42":[0,0],"43":[0,0],"44":[0,1],"45":[0,0],"46":[0,0],"47":[0,0]},"f":{"1":0,"2":0,"3":0,"4":0,"5":0,"6":0,"7":0,"8":0,"9":0,"10":0,"11":0,"12":0,"13":0,"14":0,"15":0,"16":0,"17":0,"18":0,"19":0,"20":0,"21":0,"22":0,"23":0,"24":0,"25":0,"26":0},"fnMap":{"1":{"name":"initCommandLine","line":35,"loc":{"start":{"line":35,"column":0},"end":{"line":35,"column":36}}},"2":{"name":"(anonymous_2)","line":42,"loc":{"start":{"line":42,"column":19},"end":{"line":42,"column":40}}},"3":{"name":"initDatabase","line":50,"loc":{"start":{"line":50,"column":0},"end":{"line":50,"column":35}}},"4":{"name":"(anonymous_4)","line":58,"loc":{"start":{"line":58,"column":2},"end":{"line":58,"column":18}}},"5":{"name":"(anonymous_5)","line":60,"loc":{"start":{"line":60,"column":27},"end":{"line":60,"column":42}}},"6":{"name":"(anonymous_6)","line":69,"loc":{"start":{"line":69,"column":2},"end":{"line":69,"column":18}}},"7":{"name":"(anonymous_7)","line":71,"loc":{"start":{"line":71,"column":21},"end":{"line":71,"column":42}}},"8":{"name":"(anonymous_8)","line":77,"loc":{"start":{"line":77,"column":2},"end":{"line":77,"column":18}}},"9":{"name":"(anonymous_9)","line":78,"loc":{"start":{"line":78,"column":26},"end":{"line":78,"column":47}}},"10":{"name":"(anonymous_10)","line":89,"loc":{"start":{"line":89,"column":4},"end":{"line":89,"column":19}}},"11":{"name":"initSettings","line":97,"loc":{"start":{"line":97,"column":0},"end":{"line":97,"column":29}}},"12":{"name":"(anonymous_12)","line":106,"loc":{"start":{"line":106,"column":15},"end":{"line":106,"column":27}}},"13":{"name":"(anonymous_13)","line":118,"loc":{"start":{"line":118,"column":15},"end":{"line":118,"column":27}}},"14":{"name":"(anonymous_14)","line":139,"loc":{"start":{"line":139,"column":19},"end":{"line":139,"column":51}}},"15":{"name":"(anonymous_15)","line":141,"loc":{"start":{"line":141,"column":20},"end":{"line":141,"column":52}}},"16":{"name":"(anonymous_16)","line":143,"loc":{"start":{"line":143,"column":19},"end":{"line":143,"column":51}}},"17":{"name":"(anonymous_17)","line":162,"loc":{"start":{"line":162,"column":19},"end":{"line":162,"column":31}}},"18":{"name":"initServer","line":188,"loc":{"start":{"line":188,"column":0},"end":{"line":188,"column":27}}},"19":{"name":"(anonymous_19)","line":210,"loc":{"start":{"line":210,"column":20},"end":{"line":210,"column":32}}},"20":{"name":"(anonymous_20)","line":229,"loc":{"start":{"line":229,"column":9},"end":{"line":229,"column":35}}},"21":{"name":"(anonymous_21)","line":258,"loc":{"start":{"line":258,"column":2},"end":{"line":258,"column":14}}},"22":{"name":"(anonymous_22)","line":299,"loc":{"start":{"line":299,"column":23},"end":{"line":299,"column":38}}},"23":{"name":"(anonymous_23)","line":307,"loc":{"start":{"line":307,"column":21},"end":{"line":307,"column":36}}},"24":{"name":"(anonymous_24)","line":315,"loc":{"start":{"line":315,"column":39},"end":{"line":315,"column":51}}},"25":{"name":"(anonymous_25)","line":329,"loc":{"start":{"line":329,"column":7},"end":{"line":329,"column":31}}},"26":{"name":"(anonymous_26)","line":330,"loc":{"start":{"line":330,"column":28},"end":{"line":330,"column":43}}}},"statementMap":{"1":{"start":{"line":2,"column":0},"end":{"line":2,"column":18}},"2":{"start":{"line":4,"column":0},"end":{"line":5,"column":24}},"3":{"start":{"line":6,"column":0},"end":{"line":7,"column":40}},"4":{"start":{"line":9,"column":0},"end":{"line":19,"column":29}},"5":{"start":{"line":21,"column":0},"end":{"line":22,"column":26}},"6":{"start":{"line":24,"column":0},"end":{"line":27,"column":38}},"7":{"start":{"line":29,"column":0},"end":{"line":31,"column":30}},"8":{"start":{"line":35,"column":0},"end":{"line":46,"column":1}},"9":{"start":{"line":36,"column":1},"end":{"line":39,"column":2}},"10":{"start":{"line":37,"column":2},"end":{"line":37,"column":60}},"11":{"start":{"line":38,"column":2},"end":{"line":38,"column":17}},"12":{"start":{"line":40,"column":1},"end":{"line":40,"column":45}},"13":{"start":{"line":40,"column":33},"end":{"line":40,"column":45}},"14":{"start":{"line":42,"column":1},"end":{"line":45,"column":4}},"15":{"start":{"line":43,"column":2},"end":{"line":43,"column":26}},"16":{"start":{"line":43,"column":11},"end":{"line":43,"column":26}},"17":{"start":{"line":44,"column":2},"end":{"line":44,"column":39}},"18":{"start":{"line":50,"column":0},"end":{"line":94,"column":1}},"19":{"start":{"line":51,"column":1},"end":{"line":55,"column":2}},"20":{"start":{"line":52,"column":2},"end":{"line":52,"column":39}},"21":{"start":{"line":54,"column":2},"end":{"line":54,"column":19}},"22":{"start":{"line":57,"column":1},"end":{"line":93,"column":4}},"23":{"start":{"line":59,"column":3},"end":{"line":59,"column":71}},"24":{"start":{"line":60,"column":3},"end":{"line":67,"column":6}},"25":{"start":{"line":61,"column":4},"end":{"line":61,"column":30}},"26":{"start":{"line":61,"column":13},"end":{"line":61,"column":30}},"27":{"start":{"line":62,"column":4},"end":{"line":64,"column":36}},"28":{"start":{"line":65,"column":4},"end":{"line":65,"column":43}},"29":{"start":{"line":65,"column":32},"end":{"line":65,"column":43}},"30":{"start":{"line":66,"column":4},"end":{"line":66,"column":11}},"31":{"start":{"line":70,"column":3},"end":{"line":70,"column":54}},"32":{"start":{"line":71,"column":3},"end":{"line":75,"column":6}},"33":{"start":{"line":72,"column":4},"end":{"line":72,"column":30}},"34":{"start":{"line":72,"column":13},"end":{"line":72,"column":30}},"35":{"start":{"line":73,"column":4},"end":{"line":73,"column":62}},"36":{"start":{"line":73,"column":22},"end":{"line":73,"column":62}},"37":{"start":{"line":74,"column":4},"end":{"line":74,"column":11}},"38":{"start":{"line":78,"column":3},"end":{"line":87,"column":6}},"39":{"start":{"line":79,"column":4},"end":{"line":79,"column":30}},"40":{"start":{"line":79,"column":13},"end":{"line":79,"column":30}},"41":{"start":{"line":81,"column":4},"end":{"line":82,"column":53}},"42":{"start":{"line":83,"column":4},"end":{"line":83,"column":70}},"43":{"start":{"line":85,"column":4},"end":{"line":85,"column":28}},"44":{"start":{"line":86,"column":4},"end":{"line":86,"column":11}},"45":{"start":{"line":90,"column":2},"end":{"line":90,"column":28}},"46":{"start":{"line":90,"column":11},"end":{"line":90,"column":28}},"47":{"start":{"line":91,"column":2},"end":{"line":91,"column":28}},"48":{"start":{"line":92,"column":2},"end":{"line":92,"column":9}},"49":{"start":{"line":97,"column":0},"end":{"line":186,"column":1}},"50":{"start":{"line":101,"column":1},"end":{"line":101,"column":78}},"51":{"start":{"line":102,"column":1},"end":{"line":102,"column":33}},"52":{"start":{"line":103,"column":1},"end":{"line":103,"column":50}},"53":{"start":{"line":103,"column":29},"end":{"line":103,"column":50}},"54":{"start":{"line":106,"column":1},"end":{"line":115,"column":6}},"55":{"start":{"line":107,"column":2},"end":{"line":109,"column":14}},"56":{"start":{"line":110,"column":2},"end":{"line":113,"column":3}},"57":{"start":{"line":111,"column":3},"end":{"line":111,"column":59}},"58":{"start":{"line":112,"column":3},"end":{"line":112,"column":53}},"59":{"start":{"line":114,"column":2},"end":{"line":114,"column":15}},"60":{"start":{"line":118,"column":1},"end":{"line":124,"column":6}},"61":{"start":{"line":119,"column":2},"end":{"line":119,"column":17}},"62":{"start":{"line":120,"column":2},"end":{"line":122,"column":3}},"63":{"start":{"line":121,"column":3},"end":{"line":121,"column":40}},"64":{"start":{"line":123,"column":2},"end":{"line":123,"column":15}},"65":{"start":{"line":127,"column":1},"end":{"line":127,"column":64}},"66":{"start":{"line":130,"column":1},"end":{"line":130,"column":60}},"67":{"start":{"line":133,"column":1},"end":{"line":136,"column":2}},"68":{"start":{"line":134,"column":2},"end":{"line":134,"column":38}},"69":{"start":{"line":135,"column":2},"end":{"line":135,"column":19}},"70":{"start":{"line":135,"column":13},"end":{"line":135,"column":19}},"71":{"start":{"line":137,"column":1},"end":{"line":137,"column":42}},"72":{"start":{"line":138,"column":1},"end":{"line":139,"column":60}},"73":{"start":{"line":139,"column":2},"end":{"line":139,"column":60}},"74":{"start":{"line":139,"column":52},"end":{"line":139,"column":58}},"75":{"start":{"line":140,"column":1},"end":{"line":141,"column":61}},"76":{"start":{"line":141,"column":2},"end":{"line":141,"column":61}},"77":{"start":{"line":141,"column":53},"end":{"line":141,"column":59}},"78":{"start":{"line":142,"column":1},"end":{"line":143,"column":60}},"79":{"start":{"line":143,"column":2},"end":{"line":143,"column":60}},"80":{"start":{"line":143,"column":52},"end":{"line":143,"column":58}},"81":{"start":{"line":144,"column":1},"end":{"line":144,"column":22}},"82":{"start":{"line":150,"column":1},"end":{"line":155,"column":2}},"83":{"start":{"line":151,"column":2},"end":{"line":151,"column":34}},"84":{"start":{"line":152,"column":2},"end":{"line":152,"column":66}},"85":{"start":{"line":152,"column":26},"end":{"line":152,"column":66}},"86":{"start":{"line":154,"column":2},"end":{"line":154,"column":28}},"87":{"start":{"line":158,"column":1},"end":{"line":158,"column":40}},"88":{"start":{"line":159,"column":1},"end":{"line":160,"column":67}},"89":{"start":{"line":162,"column":1},"end":{"line":169,"column":6}},"90":{"start":{"line":163,"column":2},"end":{"line":163,"column":46}},"91":{"start":{"line":163,"column":34},"end":{"line":163,"column":46}},"92":{"start":{"line":164,"column":2},"end":{"line":164,"column":17}},"93":{"start":{"line":165,"column":2},"end":{"line":167,"column":3}},"94":{"start":{"line":166,"column":3},"end":{"line":166,"column":54}},"95":{"start":{"line":168,"column":2},"end":{"line":168,"column":27}},"96":{"start":{"line":172,"column":1},"end":{"line":172,"column":65}},"97":{"start":{"line":173,"column":1},"end":{"line":173,"column":40}},"98":{"start":{"line":174,"column":1},"end":{"line":185,"column":2}},"99":{"start":{"line":175,"column":2},"end":{"line":175,"column":39}},"100":{"start":{"line":176,"column":2},"end":{"line":176,"column":24}},"101":{"start":{"line":176,"column":15},"end":{"line":176,"column":24}},"102":{"start":{"line":177,"column":2},"end":{"line":180,"column":3}},"103":{"start":{"line":178,"column":3},"end":{"line":178,"column":59}},"104":{"start":{"line":179,"column":3},"end":{"line":179,"column":62}},"105":{"start":{"line":181,"column":2},"end":{"line":184,"column":3}},"106":{"start":{"line":182,"column":3},"end":{"line":182,"column":80}},"107":{"start":{"line":183,"column":3},"end":{"line":183,"column":83}},"108":{"start":{"line":188,"column":0},"end":{"line":291,"column":1}},"109":{"start":{"line":189,"column":1},"end":{"line":189,"column":29}},"110":{"start":{"line":192,"column":1},"end":{"line":216,"column":9}},"111":{"start":{"line":211,"column":3},"end":{"line":211,"column":76}},"112":{"start":{"line":212,"column":3},"end":{"line":214,"column":4}},"113":{"start":{"line":213,"column":4},"end":{"line":213,"column":63}},"114":{"start":{"line":215,"column":3},"end":{"line":215,"column":16}},"115":{"start":{"line":218,"column":1},"end":{"line":218,"column":46}},"116":{"start":{"line":218,"column":18},"end":{"line":218,"column":46}},"117":{"start":{"line":221,"column":1},"end":{"line":226,"column":2}},"118":{"start":{"line":222,"column":2},"end":{"line":222,"column":39}},"119":{"start":{"line":223,"column":2},"end":{"line":224,"column":47}},"120":{"start":{"line":224,"column":38},"end":{"line":224,"column":47}},"121":{"start":{"line":225,"column":2},"end":{"line":225,"column":42}},"122":{"start":{"line":229,"column":1},"end":{"line":250,"column":4}},"123":{"start":{"line":231,"column":2},"end":{"line":231,"column":27}},"124":{"start":{"line":234,"column":2},"end":{"line":234,"column":38}},"125":{"start":{"line":235,"column":2},"end":{"line":235,"column":59}},"126":{"start":{"line":236,"column":2},"end":{"line":236,"column":47}},"127":{"start":{"line":239,"column":2},"end":{"line":239,"column":39}},"128":{"start":{"line":240,"column":2},"end":{"line":240,"column":41}},"129":{"start":{"line":241,"column":2},"end":{"line":241,"column":30}},"130":{"start":{"line":242,"column":2},"end":{"line":242,"column":34}},"131":{"start":{"line":243,"column":2},"end":{"line":243,"column":36}},"132":{"start":{"line":244,"column":2},"end":{"line":244,"column":40}},"133":{"start":{"line":247,"column":2},"end":{"line":247,"column":45}},"134":{"start":{"line":249,"column":2},"end":{"line":249,"column":9}},"135":{"start":{"line":255,"column":1},"end":{"line":255,"column":55}},"136":{"start":{"line":258,"column":1},"end":{"line":269,"column":6}},"137":{"start":{"line":259,"column":2},"end":{"line":259,"column":19}},"138":{"start":{"line":260,"column":2},"end":{"line":267,"column":3}},"139":{"start":{"line":261,"column":3},"end":{"line":261,"column":35}},"140":{"start":{"line":262,"column":3},"end":{"line":266,"column":4}},"141":{"start":{"line":263,"column":4},"end":{"line":263,"column":34}},"142":{"start":{"line":264,"column":4},"end":{"line":264,"column":18}},"143":{"start":{"line":265,"column":4},"end":{"line":265,"column":16}},"144":{"start":{"line":268,"column":2},"end":{"line":268,"column":87}},"145":{"start":{"line":268,"column":30},"end":{"line":268,"column":87}},"146":{"start":{"line":272,"column":1},"end":{"line":272,"column":48}},"147":{"start":{"line":273,"column":1},"end":{"line":273,"column":34}},"148":{"start":{"line":274,"column":1},"end":{"line":274,"column":35}},"149":{"start":{"line":277,"column":1},"end":{"line":277,"column":76}},"150":{"start":{"line":278,"column":1},"end":{"line":278,"column":78}},"151":{"start":{"line":281,"column":1},"end":{"line":281,"column":76}},"152":{"start":{"line":282,"column":1},"end":{"line":282,"column":78}},"153":{"start":{"line":285,"column":1},"end":{"line":285,"column":76}},"154":{"start":{"line":288,"column":1},"end":{"line":288,"column":63}},"155":{"start":{"line":290,"column":1},"end":{"line":290,"column":12}},"156":{"start":{"line":295,"column":0},"end":{"line":321,"column":1}},"157":{"start":{"line":296,"column":1},"end":{"line":298,"column":2}},"158":{"start":{"line":299,"column":1},"end":{"line":320,"column":4}},"159":{"start":{"line":300,"column":2},"end":{"line":300,"column":47}},"160":{"start":{"line":300,"column":11},"end":{"line":300,"column":47}},"161":{"start":{"line":302,"column":2},"end":{"line":302,"column":62}},"162":{"start":{"line":303,"column":2},"end":{"line":303,"column":66}},"163":{"start":{"line":304,"column":2},"end":{"line":304,"column":62}},"164":{"start":{"line":305,"column":2},"end":{"line":305,"column":60}},"165":{"start":{"line":307,"column":2},"end":{"line":319,"column":5}},"166":{"start":{"line":308,"column":3},"end":{"line":308,"column":48}},"167":{"start":{"line":308,"column":12},"end":{"line":308,"column":48}},"168":{"start":{"line":311,"column":3},"end":{"line":311,"column":22}},"169":{"start":{"line":313,"column":3},"end":{"line":313,"column":30}},"170":{"start":{"line":315,"column":3},"end":{"line":318,"column":6}},"171":{"start":{"line":316,"column":4},"end":{"line":317,"column":49}},"172":{"start":{"line":324,"column":0},"end":{"line":336,"column":1}},"173":{"start":{"line":330,"column":2},"end":{"line":334,"column":16}},"174":{"start":{"line":331,"column":3},"end":{"line":331,"column":29}},"175":{"start":{"line":331,"column":12},"end":{"line":331,"column":29}},"176":{"start":{"line":332,"column":3},"end":{"line":332,"column":29}},"177":{"start":{"line":333,"column":3},"end":{"line":333,"column":46}}},"branchMap":{"1":{"line":36,"type":"if","locations":[{"start":{"line":36,"column":1},"end":{"line":36,"column":1}},{"start":{"line":36,"column":1},"end":{"line":36,"column":1}}]},"2":{"line":40,"type":"if","locations":[{"start":{"line":40,"column":1},"end":{"line":40,"column":1}},{"start":{"line":40,"column":1},"end":{"line":40,"column":1}}]},"3":{"line":43,"type":"if","locations":[{"start":{"line":43,"column":2},"end":{"line":43,"column":2}},{"start":{"line":43,"column":2},"end":{"line":43,"column":2}}]},"4":{"line":59,"type":"binary-expr","locations":[{"start":{"line":59,"column":17},"end":{"line":59,"column":34}},{"start":{"line":59,"column":36},"end":{"line":59,"column":50}},{"start":{"line":59,"column":52},"end":{"line":59,"column":70}}]},"5":{"line":61,"type":"if","locations":[{"start":{"line":61,"column":4},"end":{"line":61,"column":4}},{"start":{"line":61,"column":4},"end":{"line":61,"column":4}}]},"6":{"line":65,"type":"if","locations":[{"start":{"line":65,"column":4},"end":{"line":65,"column":4}},{"start":{"line":65,"column":4},"end":{"line":65,"column":4}}]},"7":{"line":72,"type":"if","locations":[{"start":{"line":72,"column":4},"end":{"line":72,"column":4}},{"start":{"line":72,"column":4},"end":{"line":72,"column":4}}]},"8":{"line":73,"type":"if","locations":[{"start":{"line":73,"column":4},"end":{"line":73,"column":4}},{"start":{"line":73,"column":4},"end":{"line":73,"column":4}}]},"9":{"line":79,"type":"if","locations":[{"start":{"line":79,"column":4},"end":{"line":79,"column":4}},{"start":{"line":79,"column":4},"end":{"line":79,"column":4}}]},"10":{"line":90,"type":"if","locations":[{"start":{"line":90,"column":2},"end":{"line":90,"column":2}},{"start":{"line":90,"column":2},"end":{"line":90,"column":2}}]},"11":{"line":101,"type":"binary-expr","locations":[{"start":{"line":101,"column":14},"end":{"line":101,"column":36}},{"start":{"line":101,"column":40},"end":{"line":101,"column":77}}]},"12":{"line":103,"type":"if","locations":[{"start":{"line":103,"column":1},"end":{"line":103,"column":1}},{"start":{"line":103,"column":1},"end":{"line":103,"column":1}}]},"13":{"line":127,"type":"binary-expr","locations":[{"start":{"line":127,"column":14},"end":{"line":127,"column":35}},{"start":{"line":127,"column":40},"end":{"line":127,"column":62}}]},"14":{"line":127,"type":"cond-expr","locations":[{"start":{"line":127,"column":50},"end":{"line":127,"column":54}},{"start":{"line":127,"column":57},"end":{"line":127,"column":62}}]},"15":{"line":130,"type":"binary-expr","locations":[{"start":{"line":130,"column":12},"end":{"line":130,"column":31}},{"start":{"line":130,"column":36},"end":{"line":130,"column":58}}]},"16":{"line":130,"type":"cond-expr","locations":[{"start":{"line":130,"column":46},"end":{"line":130,"column":50}},{"start":{"line":130,"column":53},"end":{"line":130,"column":58}}]},"17":{"line":135,"type":"if","locations":[{"start":{"line":135,"column":2},"end":{"line":135,"column":2}},{"start":{"line":135,"column":2},"end":{"line":135,"column":2}}]},"18":{"line":137,"type":"cond-expr","locations":[{"start":{"line":137,"column":22},"end":{"line":137,"column":36}},{"start":{"line":137,"column":39},"end":{"line":137,"column":41}}]},"19":{"line":138,"type":"if","locations":[{"start":{"line":138,"column":1},"end":{"line":138,"column":1}},{"start":{"line":138,"column":1},"end":{"line":138,"column":1}}]},"20":{"line":140,"type":"if","locations":[{"start":{"line":140,"column":1},"end":{"line":140,"column":1}},{"start":{"line":140,"column":1},"end":{"line":140,"column":1}}]},"21":{"line":142,"type":"if","locations":[{"start":{"line":142,"column":1},"end":{"line":142,"column":1}},{"start":{"line":142,"column":1},"end":{"line":142,"column":1}}]},"22":{"line":150,"type":"if","locations":[{"start":{"line":150,"column":1},"end":{"line":150,"column":1}},{"start":{"line":150,"column":1},"end":{"line":150,"column":1}}]},"23":{"line":152,"type":"if","locations":[{"start":{"line":152,"column":2},"end":{"line":152,"column":2}},{"start":{"line":152,"column":2},"end":{"line":152,"column":2}}]},"24":{"line":159,"type":"cond-expr","locations":[{"start":{"line":160,"column":4},"end":{"line":160,"column":59}},{"start":{"line":160,"column":62},"end":{"line":160,"column":66}}]},"25":{"line":163,"type":"if","locations":[{"start":{"line":163,"column":2},"end":{"line":163,"column":2}},{"start":{"line":163,"column":2},"end":{"line":163,"column":2}}]},"26":{"line":176,"type":"if","locations":[{"start":{"line":176,"column":2},"end":{"line":176,"column":2}},{"start":{"line":176,"column":2},"end":{"line":176,"column":2}}]},"27":{"line":177,"type":"if","locations":[{"start":{"line":177,"column":2},"end":{"line":177,"column":2}},{"start":{"line":177,"column":2},"end":{"line":177,"column":2}}]},"28":{"line":178,"type":"binary-expr","locations":[{"start":{"line":178,"column":38},"end":{"line":178,"column":53}},{"start":{"line":178,"column":55},"end":{"line":178,"column":57}}]},"29":{"line":179,"type":"binary-expr","locations":[{"start":{"line":179,"column":40},"end":{"line":179,"column":56}},{"start":{"line":179,"column":58},"end":{"line":179,"column":60}}]},"30":{"line":181,"type":"if","locations":[{"start":{"line":181,"column":2},"end":{"line":181,"column":2}},{"start":{"line":181,"column":2},"end":{"line":181,"column":2}}]},"31":{"line":182,"type":"binary-expr","locations":[{"start":{"line":182,"column":56},"end":{"line":182,"column":74}},{"start":{"line":182,"column":76},"end":{"line":182,"column":78}}]},"32":{"line":183,"type":"binary-expr","locations":[{"start":{"line":183,"column":58},"end":{"line":183,"column":77}},{"start":{"line":183,"column":79},"end":{"line":183,"column":81}}]},"33":{"line":203,"type":"binary-expr","locations":[{"start":{"line":203,"column":7},"end":{"line":203,"column":19}},{"start":{"line":203,"column":23},"end":{"line":204,"column":45}}]},"34":{"line":212,"type":"if","locations":[{"start":{"line":212,"column":3},"end":{"line":212,"column":3}},{"start":{"line":212,"column":3},"end":{"line":212,"column":3}}]},"35":{"line":218,"type":"if","locations":[{"start":{"line":218,"column":1},"end":{"line":218,"column":1}},{"start":{"line":218,"column":1},"end":{"line":218,"column":1}}]},"36":{"line":223,"type":"if","locations":[{"start":{"line":223,"column":2},"end":{"line":223,"column":2}},{"start":{"line":223,"column":2},"end":{"line":223,"column":2}}]},"37":{"line":223,"type":"binary-expr","locations":[{"start":{"line":223,"column":6},"end":{"line":223,"column":13}},{"start":{"line":223,"column":17},"end":{"line":223,"column":30}},{"start":{"line":223,"column":34},"end":{"line":223,"column":52}},{"start":{"line":224,"column":3},"end":{"line":224,"column":36}}]},"38":{"line":234,"type":"binary-expr","locations":[{"start":{"line":234,"column":13},"end":{"line":234,"column":29}},{"start":{"line":234,"column":33},"end":{"line":234,"column":37}}]},"39":{"line":236,"type":"cond-expr","locations":[{"start":{"line":236,"column":31},"end":{"line":236,"column":38}},{"start":{"line":236,"column":41},"end":{"line":236,"column":45}}]},"40":{"line":262,"type":"if","locations":[{"start":{"line":262,"column":3},"end":{"line":262,"column":3}},{"start":{"line":262,"column":3},"end":{"line":262,"column":3}}]},"41":{"line":262,"type":"binary-expr","locations":[{"start":{"line":262,"column":7},"end":{"line":262,"column":11}},{"start":{"line":262,"column":15},"end":{"line":262,"column":24}},{"start":{"line":262,"column":28},"end":{"line":262,"column":52}}]},"42":{"line":268,"type":"if","locations":[{"start":{"line":268,"column":2},"end":{"line":268,"column":2}},{"start":{"line":268,"column":2},"end":{"line":268,"column":2}}]},"43":{"line":268,"type":"binary-expr","locations":[{"start":{"line":268,"column":6},"end":{"line":268,"column":10}},{"start":{"line":268,"column":14},"end":{"line":268,"column":28}}]},"44":{"line":295,"type":"if","locations":[{"start":{"line":295,"column":0},"end":{"line":295,"column":0}},{"start":{"line":295,"column":0},"end":{"line":295,"column":0}}]},"45":{"line":300,"type":"if","locations":[{"start":{"line":300,"column":2},"end":{"line":300,"column":2}},{"start":{"line":300,"column":2},"end":{"line":300,"column":2}}]},"46":{"line":308,"type":"if","locations":[{"start":{"line":308,"column":3},"end":{"line":308,"column":3}},{"start":{"line":308,"column":3},"end":{"line":308,"column":3}}]},"47":{"line":331,"type":"if","locations":[{"start":{"line":331,"column":3},"end":{"line":331,"column":3}},{"start":{"line":331,"column":3},"end":{"line":331,"column":3}}]}},"code":["","require('colors');","","var fs = require('fs'),","\tpath = require('path');","var cli = require('./lib/app/cli'),","\tproject = require('./lib/app/project');","","var express = require('express'),","\tlogger = require('morgan'),","\tbodyParser = require('body-parser'),","\tmultipart = require('connect-multiparty'),","\tcookieParser = require('cookie-parser'),","\tsession = require('express-session'),","\tcsrf = require('csurf'),","\tmethodOverride = require('method-override'),","\tserveStatic = require('serve-static'),","\tconsolidate = require('consolidate'),","\thogan = require('hogan.js');","","var moment = require('moment'),","\tasync = require('async');","","var Client = require('./lib/db/client'),","\tschema = require('./lib/db/schema'),","\tsettings = require('./lib/app/settings'),","\troutes = require('./lib/app/routes');","","var Xsql = require('xsql'),","\tqb = require('./lib/qb'),","\tdcopy = require('deep-copy');","","","// creates project's config files","function initCommandLine (args, cb) {","\tif (!fs.existsSync(args.dpath)) {","\t\tconsole.log('Config directory path doesn\\'t exists!'.red);","\t\tprocess.exit();","\t}","\tif (project.exists(args.dpath)) return cb();","\t// else","\tcli.promptForData(function (err, data) {","\t\tif (err) return cb(err);","\t\tproject.create(args.dpath, data, cb);","\t});","}","","// sets args.db.client","// updates args.settings","function initDatabase (args, done) {","\ttry {","\t\tvar client = new Client(args.config);","\t} catch (err) {","\t\treturn done(err);","\t}","","\tasync.series([","\t\tfunction (done) {","\t\t\tvar options = args.config.mysql||args.config.pg||args.config.sqlite;","\t\t\tclient.connect(options, function (err) {","\t\t\t\tif (err) return done(err);","\t\t\t\tvar x = new Xsql({","\t\t\t\t\tdialect: client.name,","\t\t\t\t\tschema: client.config.schema});","\t\t\t\tif ('function'===typeof qb) qb = qb(x);","\t\t\t\tdone();","\t\t\t});","\t\t},","\t\tfunction (done) {","\t\t\tvar sql = qb.partials.tables(client.config.schema);","\t\t\tclient.query(sql, function (err, rows) {","\t\t\t\tif (err) return done(err);","\t\t\t\tif (!rows.length) return done(new Error('Empty schema!'));","\t\t\t\tdone();","\t\t\t});","\t\t},","\t\tfunction (done) {","\t\t\tschema.getData(client, function (err, data) {","\t\t\t\tif (err) return done(err);","\t\t\t\t// write back the settings","\t\t\t\tvar fpath = path.join(args.dpath, 'settings.json'),","\t\t\t\t\tupdated = settings.refresh(args.settings, data);","\t\t\t\tfs.writeFileSync(fpath, JSON.stringify(updated, null, 4), 'utf8');","","\t\t\t\targs.settings = updated;","\t\t\t\tdone();","\t\t\t});","\t\t}","\t], function (err) {","\t\tif (err) return done(err);","\t\targs.db = {client:client};","\t\tdone();","\t});","}","","// modifies args","function initSettings (args) {","\t// route variables","","\t// upload","\tvar upload = args.config.app.upload || path.join(__dirname, 'public/upload');","\targs.config.app.upload = upload;","\tif (!fs.existsSync(upload)) fs.mkdirSync(upload);","","\t// languages","\targs.langs = (function () {","\t\tvar dpath = path.join(__dirname, 'config/lang'),","\t\t\tfiles = fs.readdirSync(dpath),","\t\t\tlangs = {};","\t\tfor (var i=0; i < files.length; i++) {","\t\t\tvar name = files[i].replace(path.extname(files[i]), '');","\t\t\tlangs[name] = require(path.join(dpath, files[i]));","\t\t}","\t\treturn langs;","\t}());","","\t// slug to table map","\targs.slugs = (function () {","\t\tvar slugs = {};","\t\tfor (var key in args.settings) {","\t\t\tslugs[args.settings[key].slug] = key;","\t\t}","\t\treturn slugs;","\t}());","","\t// debug","\targs.debug = args.config.app.debug || (cli.dev ? true : false);","\t// if (!args.debug) console.warn = function(){};","\t// log","\targs.log = args.config.app.log || (cli.log ? true : false);","","\t// events","\tfor (var key in args.custom) {","\t\tv
[...]
":0,"7":0,"8":0,"9":1,"10":0,"11":1,"12":0,"13":1,"14":0,"15":0,"16":0,"17":0,"18":0,"19":0,"20":0,"21":0,"22":0,"23":0,"24":0,"25":0,"26":0,"27":0,"28":0,"29":0,"30":0,"31":0,"32":0,"33":0,"34":0,"35":0,"36":0,"37":0,"38":0,"39":1,"40":0,"41":0,"42":0,"43":0,"44":0,"45":0,"46":0,"47":0,"48":0,"49":0,"50":0,"51":0,"52":0,"53":0,"54":0,"55":0,"56":0,"57":0,"58":0,"59":0,"60":0,"61":0},"b":{"1":[0,0],"2":[0,0],"3":[0,0],"4":[0,0],"5":[0,0],"6":[0,0],"7":[0,0],"8":[0,0]},"f":{"1":0,"2":0,"3":0,"4":0,"5":0,"6":0,"7":0,"8":0,"9":0,"10":0,"11":0,"12":0,"13":0},"fnMap":{"1":{"name":"getArgs","line":10,"loc":{"start":{"line":10,"column":0},"end":{"line":10,"column":28}}},"2":{"name":"(anonymous_2)","line":25,"loc":{"start":{"line":25,"column":14},"end":{"line":25,"column":40}}},"3":{"name":"(anonymous_3)","line":29,"loc":{"start":{"line":29,"column":15},"end":{"line":29,"column":41}}},"4":{"name":"_data","line":33,"loc":{"start":{"line":33,"column":0},"end":{"line":33,"column":32}}},"5":{"name":"(anonymous_5)","line":43,"loc":{"start":{"line":43,"column":2},"end":{"line":43,"column":18}}},"6":{"name":"(anonymous_6)","line":44,"loc":{"start":{"line":44,"column":23},"end":{"line":44,"column":46}}},"7":{"name":"(anonymous_7)","line":50,"loc":{"start":{"line":50,"column":2},"end":{"line":50,"column":18}}},"8":{"name":"(anonymous_8)","line":51,"loc":{"start":{"line":51,"column":29},"end":{"line":51,"column":51}}},"9":{"name":"(anonymous_9)","line":61,"loc":{"start":{"line":61,"column":2},"end":{"line":61,"column":18}}},"10":{"name":"(anonymous_10)","line":62,"loc":{"start":{"line":62,"column":22},"end":{"line":62,"column":37}}},"11":{"name":"(anonymous_11)","line":68,"loc":{"start":{"line":68,"column":4},"end":{"line":68,"column":19}}},"12":{"name":"render","line":78,"loc":{"start":{"line":78,"column":0},"end":{"line":78,"column":60}}},"13":{"name":"(anonymous_13)","line":101,"loc":{"start":{"line":101,"column":22},"end":{"line":101,"column":34}}}},"statementMap":{"1":{"start":{"line":2,"column":0},"end":{"line":3,"column":30}},"2":{"start":{"line":4,"column":0},"end":{"line":6,"column":35}},"3":{"start":{"line":7,"column":0},"end":{"line":7,"column":47}},"4":{"start":{"line":10,"column":0},"end":{"line":23,"column":1}},"5":{"start":{"line":11,"column":1},"end":{"line":19,"column":3}},"6":{"start":{"line":20,"column":1},"end":{"line":20,"column":48}},"7":{"start":{"line":21,"column":1},"end":{"line":21,"column":47}},"8":{"start":{"line":22,"column":1},"end":{"line":22,"column":13}},"9":{"start":{"line":25,"column":0},"end":{"line":27,"column":1}},"10":{"start":{"line":26,"column":1},"end":{"line":26,"column":23}},"11":{"start":{"line":29,"column":0},"end":{"line":31,"column":1}},"12":{"start":{"line":30,"column":1},"end":{"line":30,"column":23}},"13":{"start":{"line":33,"column":0},"end":{"line":76,"column":1}},"14":{"start":{"line":34,"column":1},"end":{"line":35,"column":36}},"15":{"start":{"line":37,"column":1},"end":{"line":37,"column":48}},"16":{"start":{"line":38,"column":1},"end":{"line":38,"column":21}},"17":{"start":{"line":40,"column":1},"end":{"line":40,"column":18}},"18":{"start":{"line":41,"column":1},"end":{"line":75,"column":4}},"19":{"start":{"line":44,"column":3},"end":{"line":48,"column":6}},"20":{"start":{"line":45,"column":4},"end":{"line":45,"column":30}},"21":{"start":{"line":45,"column":13},"end":{"line":45,"column":30}},"22":{"start":{"line":46,"column":4},"end":{"line":46,"column":26}},"23":{"start":{"line":47,"column":4},"end":{"line":47,"column":11}},"24":{"start":{"line":51,"column":3},"end":{"line":59,"column":6}},"25":{"start":{"line":52,"column":4},"end":{"line":52,"column":30}},"26":{"start":{"line":52,"column":13},"end":{"line":52,"column":30}},"27":{"start":{"line":55,"column":4},"end":{"line":55,"column":54}},"28":{"start":{"line":56,"column":4},"end":{"line":56,"column":50}},"29":{"start":{"line":57,"column":4},"end":{"line":57,"column":26}},"30":{"start":{"line":58,"column":4},"end":{"line":58,"column":11}},"31":{"start":{"line":62,"column":3},"end":{"line":66,"column":6}},"32":{"start":{"line":63,"column":4},"end":{"line":63,"column":30}},"33":{"start":{"line":63,"column":13},"end":{"line":63,"column":30}},"34":{"start":{"line":64,"column":4},"end":{"line":64,"column":23}},"35":{"start":{"line":65,"column":4},"end":{"line":65,"column":11}},"36":{"start":{"line":69,"column":2},"end":{"line":69,"column":28}},"37":{"start":{"line":69,"column":11},"end":{"line":69,"column":28}},"38":{"start":{"line":70,"column":2},"end":{"line":74,"column":4}},"39":{"start":{"line":78,"column":0},"end":{"line":136,"column":1}},"40":{"start":{"line":80,"column":1},"end":{"line":85,"column":2}},"41":{"start":{"line":81,"column":2},"end":{"line":82,"column":44}},"42":{"start":{"line":83,"column":2},"end":{"line":83,"column":29}},"43":{"start":{"line":84,"column":2},"end":{"line":84,"column":50}},"44":{"start":{"line":87,"column":1},"end":{"line":92,"column":3}},"45":{"start":{"line":93,"column":1},"end":{"line":98,"column":3}},"46":{"start":{"line":101,"column":1},"end":{"line":110,"column":6}},"47":{"start":{"line":102,"column":2},"end":{"line":103,"column":13}},"48":{"start":{"line":104,"column":2},"end":{"line":105,"column":32}},"49":{"start":{"line":106,"column":2},"end":{"line":108,"column":3}},"50":{"start":{"line":107,"column":3},"end":{"line":107,"column":54}},"51":{"start":{"line":109,"column":2},"end":{"line":109,"column":14}},"52":{"start":{"line":111,"column":1},"end":{"line":111,"column":59}},"53":{"start":{"line":113,"column":1},"end":{"line":113,"column":26}},"54":{"start":{"line":115,"column":1},"end":{"line":120,"column":3}},"55":{"start":{"line":121,"column":1},"end":{"line":121,"column":41}},"56":{"start":{"line":122,"column":1},"end":{"line":122,"column":32}},"57":{"start":{"line":124,"column":1},"end":{"line":124,"column":36}},"58":{"start":{"line":125,"column":1},"end":{"line":125,"column":36}},"59":{"start":{"line":126,"column":1},"end":{"line":126,"column":31}},"60":{"start":{"line":128,"column":1},"end":{"line":133,"column":3}},"61":{"start":{"line":135,"column":1},"end":{"line":135,"column":8}}},"branchMap":{"1":{"line":17,"type":"binary-expr","locations":[{"start":{"line":17,"column":13},"end":{"line":17,"column":24}},{"start":{"line":17,"column":28},"end":{"line":17,"column":29}}]},"2":{"line":45,"type":"if","locations":[{"start":{"line":45,"column":4},"end":{"line":45,"column":4}},{"start":{"line":45,"column":4},"end":{"line":45,"column":4}}]},"3":{"line":52,"type":"if","locations":[{"start":{"line":52,"column":4},"end":{"line":52,"column":4}},{"start":{"line":52,"column":4},"end":{"line":52,"column":4}}]},"4":{"line":63,"type":"if","locations":[{"start":{"line":63,"column":4},"end":{"line":63,"column":4}},{"start":{"line":63,"column":4},"end":{"line":63,"column":4}}]},"5":{"line":69,"type":"if","locations":[{"start":{"line":69,"column":2},"end":{"line":69,"column":2}},{"start":{"line":69,"column":2},"end":{"line":69,"column":2}}]},"6":{"line":111,"type":"cond-expr","locations":[{"start":{"line":111,"column":46},"end":{"line":111,"column":50}},{"start":{"line":111,"column":53},"end":{"line":111,"column":58}}]},"7":{"line":117,"type":"cond-expr","locations":[{"start":{"line":117,"column":46},"end":{"line":117,"column":50}},{"start":{"line":117,"column":53},"end":{"line":117,"column":57}}]},"8":{"line":119,"type":"cond-expr","locations":[{"start":{"line":119,"column":47},"end":{"line":119,"column":51}},{"start":{"line":119,"column":54},"end":{"line":119,"column":58}}]}},"code":["","var async = require('async'),","\tdcopy = require('deep-copy');","var qb = require('../lib/qb')(),","\tdata = require('../lib/data'),","\tformat = require('../lib/format');","var filter = require('../lib/listview/filter');","","","function getArgs (req, res) {","\tvar args = {","\t\tsettings : res.locals._admin.settings,","\t\tdb       : res.locals._admin.db,","\t\tdebug    : res.locals._admin.debug,","\t\tlog      : res.locals._admin.log,","\t\tslug     : req.params[0],","\t\tpage     : req.query.p || 0,","\t\tdata     : req.body","\t};","\targs.name = res.locals._admin.slugs[args.slug];","\targs.config = dcopy(args.settings[args.name]);","\treturn args;","}","","exports.get = function (req, res, next) {","\t_data(req, res, next);","}","","exports.post = function (req, res, next) {","\t_data(req, res, next);","}","","function _data (req, res, next) {","\tvar args = getArgs(req, res),","\t\tevents = res.locals._admin.events;","","\targs.filter = filter.prepareSession(req, args);","\tqb.lst.select(args);","","\tvar results = {};","\tasync.series([","\t\tevents.preList.bind(events, req, res, args),","\t\tfunction (done) {","\t\t\tdata.list.get(args, function (err, result) {","\t\t\t\tif (err) return done(err);","\t\t\t\tresults.data = result;","\t\t\t\tdone();","\t\t\t});","\t\t},","\t\tfunction (done) {","\t\t\tdata.pagination.get(args, function (err, pager) {","\t\t\t\tif (err) return done(err);","\t\t\t\t// always should be in front of filter.getColumns","\t\t\t\t// as it may reduce args.config.columns","\t\t\t\tresults.order = filter.getOrderColumns(req, args);","\t\t\t\targs.config.columns = filter.getColumns(args);","\t\t\t\tresults.pager = pager;","\t\t\t\tdone();","\t\t\t});","\t\t},","\t\tfunction (done) {","\t\t\tdata.otm.get(args, function (err) {","\t\t\t\tif (err) return done(err);","\t\t\t\tdata.stc.get(args);","\t\t\t\tdone();","\t\t\t});","\t\t}","\t], function (err) {","\t\tif (err) return next(err);","\t\trender(","\t\t\treq, res, args,","\t\t\tresults.data, results.pager, results.order,","\t\t\tnext","\t\t);","\t});","}","","function render (req, res, args, ddata, pager, order, next) {","\t// set filter active items","\tfor (var i=0; i < args.config.columns.length; i++) {","\t\tvar column = args.config.columns[i],","\t\t\tvalue = args.filter.columns[column.name];","\t\tcolumn.defaultValue = null;","\t\tcolumn.value = format.form.value(column, value);","\t}","","\tres.locals.view = {","\t\tname: args.config.table.verbose,","\t\tslug: args.slug,","\t\terror: res.locals.error,","\t\ttable: !args.config.table.view","\t};","\tres.locals.breadcrumbs = {","\t\tlinks: [","\t\t\t{url: '/', text: res.locals.string.home},","\t\t\t{active: true, text: args.config.table.verbose}","\t\t]","\t};","","\t// show filter rows in two columns","\tres.locals.filter = (function () {","\t\tvar filter = args.config.columns,","\t\t\trows = [];","\t\tvar size = 2,","\t\t\ttotal = filter.length / size;","\t\tfor (var i=0; i < total; i++) {","\t\t\trows.push({row: filter.slice(i*size, (i+1)*size)});","\t\t}","\t\treturn rows;","\t}());","\tres.locals.have = res.locals.filter.length ? true : false;","","\tres.locals.order = order;","\t// order direction","\tres.locals.direction = [","\t\t{text: res.locals.string.asc, value: 'asc',","\t\t\tselected: args.filter.direction == 'asc' ? true : null},","\t\t{text: res.locals.string.desc, value: 'desc',","\t\t\tselected: args.filter.direction == 'desc' ? true : null}","\t];","\tres.locals.collapsed = args.filter.show;","\tres.locals.or = args.filter.or;","","\tres.locals.columns = ddata.columns;","\tres.locals.records = ddata.records;","\tres.locals.pagination = pager;","","\tres.locals.partials = {","\t\tcontent:    'listview',","\t\tfilter:     'listview/filter',","\t\tcolumn:     'listview/column',","\t\tpagination: 'pagination'","\t};","\t","\tnext();","}",""],"l":{"2":1,"4":1,"7":1,"10":1,"11":0,"20":0,"21":0,"22":0,"25":1,"26":0,"29":1,"30":0,"33":1,"34":0,"37":0,"38":0,"40":0,"41":0,"44":0,"45":0,"46":0,"47":0,"51":0,"52":0,"55":0,"56":0,"57":0,"58":0,"62":0,"63":0,"64":0,"65":0,"69":0,"70":0,"78":1,"80":0,"81":0,"83":0,"84":0,"87":0,"93":0,"101":0,"102":0,"104":0,"106":0,"107":0,"109":0,"111":0,"113":0,"115":0,"121":0,"122":0,"124":0,"125":0,"126":0,"128":0,"135":0}},"/home/travis/build/npmtest/node-npmtest-express-admin/node_modules/express-admin/lib/listview/filter.js":{"path":"/home/travis/build/npmtest/node-npmtest-express-admin/node_modules/express-admin/lib/listview/filter.js","s":{"1":1,"2":1,"3":0,"4":0,"5":0,"6":0,"7":0,"8":0,"9":0,"10":0,"11":0,"12":1,"13":0,"14":0,"15":0,"16":0,"17":0,"18":0,"19":0,"20":0,"21":0,"22":0,"23":1,"24":0,"25":0,"26":0,"27":0,"28":0,"29":0,"30":0,"31":0,"32":0,"33":0},"b":{"1":[0,0],"2":[0,0],"3":[0,0,0,0],"4":[0,0],"5":[0,0],"6":[0,0],"7":[0,0],"8":[0,0],"9":[0,0],"10":[0,0]},"f":{"1":0,"2":0,"3":0},"fnMap":{"1":{"name":"(anonymous_1)","line":5,"loc":{"start":{"line":5,"column":25},"end":{"line":5,"column":46}}},"2":{"name":"(anonymous_2)","line":34,"loc":{"start":{"line":34,"column":26},"end":{"line":34,"column":47}}},"3":{"name":"(anonymous_3)","line":48,"loc":{"start":{"line":48,"column":21},"end":{"line":48,"column":37}}}},"statementMap":{"1":{"start":{"line":2,"column":0},"end":{"line":2,"column":33}},"2":{"start":{"line":5,"column":0},"end":{"line":32,"column":1}},"3":{"start":{"line":6,"column":1},"end":{"line":6,"column":50}},"4":{"start":{"line":6,"column":26},"end":{"line":6,"column":50}},"5":{"start":{"line":7,"column":1},"end":{"line":7,"column":33}},"6":{"start":{"line":9,"column":1},"end":{"line":27,"column":2}},"7":{"start":{"line":11,"column":2},"end":{"line":17,"column":4}},"8":{"start":{"line":19,"column":6},"end":{"line":27,"column":2}},"9":{"start":{"line":20,"column":2},"end":{"line":26,"column":4}},"10":{"start":{"line":29,"column":1},"end":{"line":29,"column":36}},"11":{"start":{"line":31,"column":1},"end":{"line":31,"column":26}},"12":{"start":{"line":34,"column":0},"end":{"line":46,"column":1}},"13":{"start":{"line":35,"column":1},"end":{"line":35,"column":16}},"14":{"start":{"line":36,"column":1},"end":{"line":44,"column":2}},"15":{"start":{"line":37,"column":2},"end":{"line":37,"column":38}},"16":{"start":{"line":38,"column":2},"end":{"line":38,"column":38}},"17":{"start":{"line":38,"column":29},"end":{"line":38,"column":38}},"18":{"start":{"line":39,"column":2},"end":{"line":42,"column":3}},"19":{"start":{"line":40,"column":3},"end":{"line":40,"column":26}},"20":{"start":{"line":41,"column":3},"end":{"line":41,"column":26}},"21":{"start":{"line":43,"column":2},"end":{"line":43,"column":21}},"22":{"start":{"line":45,"column":1},"end":{"line":45,"column":14}},"23":{"start":{"line":48,"column":0},"end":{"line":61,"column":1}},"24":{"start":{"line":49,"column":1},"end":{"line":49,"column":17}},"25":{"start":{"line":50,"column":1},"end":{"line":59,"column":2}},"26":{"start":{"line":51,"column":2},"end":{"line":51,"column":45}},"27":{"start":{"line":51,"column":36},"end":{"line":51,"column":45}},"28":{"start":{"line":52,"column":2},"end":{"line":58,"column":3}},"29":{"start":{"line":53,"column":3},"end":{"line":57,"column":4}},"30":{"start":{"line":54,"column":4},"end":{"line":54,"column":47}},"31":{"start":{"line":55,"column":4},"end":{"line":55,"column":43}},"32":{"start":{"line":56,"column":4},"end":{"line":56,"column":24}},"33":{"start":{"line":60,"column":1},"end":{"line":60,"column":15}}},"branchMap":{"1":{"line":6,"type":"if","locations":[{"start":{"line":6,"column":1},"end":{"line":6,"column":1}},{"start":{"line":6,"column":1},"end":{"line":6,"column":1}}]},"2":{"line":9,"type":"if","locations":[{"start":{"line":9,"column":1},"end":{"line":9,"column":1}},{"start":{"line":9,"column":1},"end":{"line":9,"column":1}}]},"3":{"line":9,"type":"binary-expr","locations":[{"start":{"line":9,"column":6},"end":{"line":9,"column":25}},{"start":{"line":9,"column":29},"end":{"line":9,"column":62}},{"start":{"line":10,"column":5},"end":{"line":10,"column":25}},{"start":{"line":10,"column":29},"end":{"line":10,"column":68}}]},"4":{"line":19,"type":"if","locations":[{"start":{"line":19,"column":6},"end":{"line":19,"column":6}},{"start":{"line":19,"column":6},"end":{"line":19,"column":6}}]},"5":{"line":19,"type":"binary-expr","locations":[{"start":{"line":19,"column":10},"end":{"line":19,"column":30}},{"start":{"line":19,"column":34},"end":{"line":19,"column":74}}]},"6":{"line":21,"type":"binary-expr","locations":[{"start":{"line":21,"column":12},"end":{"line":21,"column":27}},{"start":{"line":21,"column":29},"end":{"line":21,"column":31}}]},"7":{"line":38,"type":"if","locations":[{"start":{"line":38,"column":2},"end":{"line":38,"column":2}},{"start":{"line":38,"column":2},"end":{"line":38,"column":2}}]},"8":{"line":39,"type":"if","locations":[{"start":{"line":39,"column":2},"end":{"line":39,"column":2}},{"start":{"line":39,"column":2},"end":{"line":39,"column":2}}]},"9":{"line":51,"type":"if","locations":[{"start":{"line":51,"column":2},"end":{"line":51,"column":2}},{"start":{"line":51,"column":2},"end":{"line":51,"column":2}}]},"10":{"line":53,"type":"if","locations":[{"start":{"line":53,"column":3},"end":{"line":53,"column":3}},{"start":{"line":53,"column":3},"end":{"line":53,"column":3}}]}},"code":["","var dcopy = require('deep-copy');","","","exports.prepareSession = function (req, args) {","\tif (!req.session.filter) req.session.filter = {};","\tvar filter = req.session.filter;","","\tif ((req.method == 'GET' && !filter.hasOwnProperty(args.name))","\t|| (req.method == 'POST' && req.body.action.hasOwnProperty('clear'))) {","\t\tfilter[args.name] = {","\t\t\tcolumns: {},","\t\t\torder: '',","\t\t\tdirection: '',","\t\t\tshow: false,","\t\t\tor: false","\t\t};","\t}","\telse if (req.method == 'POST' && req.body.action.hasOwnProperty('filter')) {","\t\tfilter[args.name] = {","\t\t\tcolumns: req.body.filter||{},","\t\t\torder: req.body.order,","\t\t\tdirection: req.body.direction,","\t\t\tshow: true,","\t\t\tor: req.body.or","\t\t};","\t}","","\tfilter[args.name].page = args.page;","","\treturn filter[args.name];","}","","exports.getOrderColumns = function (req, args) {","\tvar order = [];","\tfor (var i=0; i < args.config.columns.length; i++) {","\t\tvar column = args.config.columns[i];","\t\tif (!column.listview.show) continue;","\t\tif (column.name == args.filter.order) {","\t\t\tcolumn = dcopy(column);","\t\t\tcolumn.selected = true;","\t\t}","\t\torder.push(column);","\t}","\treturn order;","}","","exports.getColumns = function (args) {","\tvar filter = [];","\tfor (var i=0; i < args.config.columns.length; i++) {","\t\tif (!args.config.listview.filter) continue;","\t\tfor (var j=0; j < args.config.listview.filter.length; j++) {","\t\t\tif (args.config.columns[i].name == args.config.listview.filter[j]) {","\t\t\t\tvar column = dcopy(args.config.columns[i]);","\t\t\t\tcolumn.key = 'filter['+column.name+']';","\t\t\t\tfilter.push(column);","\t\t\t}","\t\t}","\t}","\treturn filter;","}",""],"l":{"2":1,"5":1,"6":0,"7":0,"9":0,"11":0,"19":0,"20":0,"29":0,"31":0,"34":1,"35":0,"36":0,"37":0,"38":0,"39":0,"40":0,"41":0,"43":0,"45":0,"48":1,"49":0,"50":0,"51":0,"52":0,"53":0,"54":0,"55":0,"56":0,"60":0}},"/home/travis/build/npmtest/node-npmtest-express-admin/node_modules/express-admin/routes/render.js":{"path":"/home/travis/build/npmtest/node-npmtest-express-admin/node_modules/express-admin/routes/render.js","s":{"1":1,"2":0,"3":0,"4":0,"5":0,"6":0},"b":{},"f":{"1":0},"fnMap":{"1":{"name":"(anonymous_1)","line":2,"loc":{"start":{"line":2,"column":16},"end":{"line":2,"column":36}}}},"statementMap":{"1":{"start":{"line":2,"column":0},"end":{"line":18,"column":1}},"2":{"start":{"line":4,"column":1},"end":{"line":4,"column":39}},"3":{"start":{"line":5,"column":1},"end":{"line":5,"column":49}},"4":{"start":{"line":6,"column":1},"end":{"line":6,"column":40}},"5":{"start":{"line":7,"column":1},"end":{"line":7,"column":42}},"6":{"start":{"line":9,"column":1},"end":{"line":17,"column":4}}},"branchMap":{},"code":["","exports.admin = function (req, res) {","\t","\tres.locals.partials.header = 'header';","\tres.locals.partials.breadcrumbs = 'breadcrumbs';","\tres.locals.partials.theme = 'js/theme';","\tres.locals.partials.layout = 'js/layout';","","\tres.render('base', {","\t\t","\t\tuser: req.session.user,","\t\tcsrf: req.csrfToken(),","","\t\turl: {","\t\t\thome: '/'","\t\t}","\t});","}",""],"l":{"2":1,"4":0,"5":0,"6":0,"7":0,"9":0}}}